
[34m[1mAll done![0m ‚ú® üç∞ ‚ú®
Sat Jan 14 00:21:32 CST 2023
       ‚úÖ The unit test pass rate is [0;34m[1m3.00%[0m under '/qcraft'. TOTAL_TESTS: [1m1204[0m, PASSED_TESTS: [32m42[0m, FAILED_TEST_COUNT: [0;31m1162[0m

 ======.=====.=====.=====.=====.=====  [32m[1m [QBuild] Failed Unit-test List for j5_2 [0m  ======.=====.=====.=====.=====.======
| [34m    [0m | [1mFailed Unit-test                                                                      [0m | [0;31mFailed Reason     [0m |
 -------------------------------------------------------------------------------------------------------------------- 
| 1    | cyber/node/reader_test                                                                 | build error        |
| 2    | cyber/node/writer_reader_test                                                          | build error        |
| 3    | cyber/node/writer_test                                                                 | build error        |
| 4    | cyber/class_loader/shared_library/shared_library_test                                  | build error        |
| 5    | cyber/class_loader/class_loader_test                                                   | build error        |
| 6    | cyber/data/cache_buffer_test                                                           | build error        |
| 7    | cyber/data/data_visitor_test                                                           | build error        |
| 8    | cyber/data/data_dispatcher_test                                                        | build error        |
| 9    | cyber/data/channel_buffer_test                                                         | build error        |
| 10   | cyber/data/all_latest_test                                                             | build error        |
| 11   | cyber/component/component_test                                                         | build error        |
| 12   | cyber/component/timer_component_test                                                   | build error        |
| 13   | cyber/scheduler/scheduler_test                                                         | build error        |
| 14   | cyber/scheduler/scheduler_classic_test                                                 | build error        |
| 15   | cyber/scheduler/scheduler_choreo_test                                                  | build error        |
| 16   | cyber/scheduler/processor_test                                                         | build error        |
| 17   | cyber/scheduler/pin_thread_test                                                        | build error        |
| 18   | cyber/python/internal/py_record_test                                                   | build error        |
| 19   | /qcraft/cyber/python/cyber_py3/test/record_test                                        | build error        |
| 20   | cyber/croutine/croutine_test                                                           | build error        |
| 21   | cyber/timer/timer_test                                                                 | build error        |
| 22   | cyber/logger/logger_test                                                               | build error        |
| 23   | cyber/logger/async_logger_test                                                         | build error        |
| 24   | cyber/logger/log_file_object_test                                                      | build error        |
| 25   | cyber/logger/logger_util_test                                                          | build error        |
| 26   | cyber/message/message_header_test                                                      | build error        |
| 27   | cyber/message/message_traits_test                                                      | build error        |
| 28   | cyber/message/raw_message_test                                                         | build error        |
| 29   | cyber/message/protobuf_factory_test                                                    | build error        |
| 30   | cyber/common/file_test                                                                 | build error        |
| 31   | cyber/common/log_test                                                                  | build error        |
| 32   | cyber/common/environment_test                                                          | build error        |
| 33   | cyber/common/macros_test                                                               | build error        |
| 34   | cyber/blocker/blocker_manager_test                                                     | build error        |
| 35   | cyber/blocker/blocker_test                                                             | build error        |
| 36   | cyber/lite/lite_writer_reader_test                                                     | build error        |
| 37   | cyber/base/atomic_hash_map_test                                                        | build error        |
| 38   | cyber/base/atomic_rw_lock_test                                                         | build error        |
| 39   | cyber/base/bounded_queue_test                                                          | build error        |
| 40   | cyber/base/for_each_test                                                               | build error        |
| 41   | cyber/base/object_pool_test                                                            | build error        |
| 42   | cyber/base/signal_test                                                                 | build error        |
| 43   | cyber/base/unbounded_queue_test                                                        | build error        |
| 44   | cyber/record/record_file_test                                                          | build error        |
| 45   | cyber/record/record_file_integration_test                                              | build error        |
| 46   | cyber/record/record_reader_test                                                        | build error        |
| 47   | cyber/record/record_viewer_test                                                        | build error        |
| 48   | cyber/io/poller_test                                                                   | build error        |
| 49   | cyber/task/task_test                                                                   | build error        |
| 50   | cyber/time/time_test                                                                   | build error        |
| 51   | cyber/time/duration_test                                                               | build error        |
| 52   | cyber/time/clock_test                                                                  | build error        |
| 53   | cyber/transport/shm/condition_notifier_test                                            | build error        |
| 54   | cyber/transport/transport_test                                                         | build error        |
| 55   | cyber/transport/message/message_info_test                                              | build error        |
| 56   | /qcraft/cyber/transport/message/message_test                                           | build error        |
| 57   | cyber/transport/common/endpoint_test                                                   | build error        |
| 58   | cyber/transport/common/identity_test                                                   | build error        |
| 59   | cyber/transport/integration_test/intra_transceiver_test                                | build error        |
| 60   | cyber/transport/integration_test/shm_transceiver_test                                  | build error        |
| 61   | /qcraft/cyber/transport/dispatcher/dispatcher_test                                     | build error        |
| 62   | cyber/transport/dispatcher/intra_dispatcher_test                                       | build error        |
| 63   | cyber/transport/dispatcher/shm_dispatcher_test                                         | build error        |
| 64   | cyber/sysmo/sysmo_test                                                                 | build error        |
| 65   | onboard/conf/run_conf_man_test                                                         | build error        |
| 66   | onboard/nets/freespace/freespace_test                                                  | build error        |
| 67   | onboard/nets/fiery_eye_net/fiery_eye_net_classifier_sync_test                          | build error        |
| 68   | onboard/nets/custom_ops/cvt_color_test                                                 | build error        |
| 69   | onboard/nets/custom_ops/transform_test                                                 | build error        |
| 70   | onboard/nets/custom_ops/resize_test                                                    | build error        |
| 71   | onboard/nets/custom_ops/format_convert_test                                            | build error        |
| 72   | onboard/nets/custom_ops/vec_add_test                                                   | build error        |
| 73   | onboard/nets/custom_ops/set_value_test                                                 | build error        |
| 74   | onboard/nets/custom_ops/get_history_feature_test                                       | build error        |
| 75   | onboard/nets/custom_ops/threshold_test                                                 | build error        |
| 76   | onboard/nets/custom_ops/not_equal_test                                                 | build error        |
| 77   | onboard/nets/custom_ops/gather_nd_test                                                 | build error        |
| 78   | onboard/nets/custom_ops/multiply_value_test                                            | build error        |
| 79   | onboard/nets/custom_ops/sub_value_test                                                 | build error        |
| 80   | onboard/nets/custom_ops/sigmoid_function_test                                          | build error        |
| 81   | onboard/nets/custom_ops/list_add_test                                                  | build error        |
| 82   | onboard/nets/custom_ops/tensor_relu_test                                               | build error        |
| 83   | onboard/nets/custom_ops/filter_by_onehot_test                                          | build error        |
| 84   | onboard/nets/custom_ops/get_veh_coord_test                                             | build error        |
| 85   | onboard/nets/custom_ops/get_base_coord_test                                            | build error        |
| 86   | onboard/nets/custom_ops/get_objective_index_test                                       | build error        |
| 87   | onboard/nets/custom_ops/voxel_scatter_test                                             | build error        |
| 88   | onboard/nets/custom_ops/split_cuda_test                                                | build error        |
| 89   | onboard/nets/custom_ops/normalize_test                                                 | build error        |
| 90   | onboard/nets/custom_ops/maxpooling_2d_test                                             | build error        |
| 91   | onboard/nets/custom_ops/find_indices_test                                              | build error        |
| 92   | onboard/nets/custom_ops/gen_coordinates_test                                           | build error        |
| 93   | onboard/nets/custom_ops/arg_min_test                                                   | build error        |
| 94   | onboard/nets/custom_ops/fast_fuse_d2d_test                                             | build error        |
| 95   | onboard/nets/custom_ops/transpose_test                                                 | build error        |
| 96   | onboard/nets/custom_ops/list_sub_test                                                  | build error        |
| 97   | onboard/nets/custom_ops/unsorted_segment_test                                          | build error        |
| 98   | onboard/nets/custom_ops/normalize_value_test                                           | build error        |
| 99   | onboard/nets/custom_ops/unique_test                                                    | build error        |
| 100  | onboard/nets/bev_road_geometry/bev_road_geometry_detector_test                         | build error        |
| 101  | onboard/nets/qcv/qcv_base_test                                                         | build error        |
| 102  | onboard/nets/qcv/qcv_x86_test                                                          | build error        |
| 103  | onboard/nets/qcv/qcv_arm_test                                                          | build error        |
| 104  | onboard/nets/qcv/qcv_cuda_base_test                                                    | build error        |
| 105  | onboard/nets/qcv/qcv_cuda_test                                                         | build error        |
| 106  | onboard/nets/qcv/qcv_image_test                                                        | build error        |
| 107  | onboard/nets/qcv/qcv_image_v2_test                                                     | build error        |
| 108  | onboard/nets/qcv/qcv_api_test                                                          | build error        |
| 109  | onboard/nets/qnn/python/pyqnn/common_test                                              | build error        |
| 110  | onboard/nets/qnn/python/pyqnn/QNN_test                                                 | build error        |
| 111  | onboard/nets/qnn/python/pyqnn/qlog_test                                                | build error        |
| 112  | onboard/nets/qnn/python/pyqnn/QLOG_test                                                | build error        |
| 113  | onboard/nets/qnn/qnn/image_nv12toyuv444_test                                           | build error        |
| 114  | onboard/nets/qnn/qnn/qnn_unit_test                                                     | build error        |
| 115  | onboard/nets/qnn/qnn/impl/tensorrt_backend/custom_op/custom_op_test                    | build error        |
| 116  | /qcraft/onboard/nets/qnn/qnn/impl/onnx_backend/custom_op/custom_op_test                | build error        |
| 117  | /qcraft/onboard/nets/qnn/test/feature_test/feature_test                                | build error        |
| 118  | onboard/nets/qnn/test/multi_thread_test/multi_thread_test                              | build error        |
| 119  | onboard/nets/net_util_test                                                             | build error        |
| 120  | onboard/nets/panonet_test                                                              | build error        |
| 121  | onboard/nets/vidarnet_test                                                             | build error        |
| 122  | onboard/nets/mist_obstacle_net_sync_test                                               | build error        |
| 123  | onboard/nets/captain_net_sync_test                                                     | build error        |
| 124  | onboard/nets/horizon/acprophnet_qnn_test                                               | build error        |
| 125  | onboard/nets/ace/ace_associator_sync_test                                              | build error        |
| 126  | onboard/nets/ace/ace_feature_encoder_test                                              | build error        |
| 127  | onboard/nets/ace/ace_feature_encoder_sync_test                                         | build error        |
| 128  | onboard/nets/tcn/tcn_net_classifier_sync_test                                          | build error        |
| 129  | onboard/nets/omni_net/omni_net_test                                                    | build error        |
| 130  | onboard/nets/mono3d/mono3d_test                                                        | build error        |
| 131  | onboard/nets/mono3d/mono3d_inference_test                                              | build error        |
| 132  | onboard/nets/utils/gpu_id_context_test                                                 | build error        |
| 133  | onboard/nets/hdn/hdn_inference_test                                                    | build error        |
| 134  | onboard/nets/trt/fiery_eye_net/fiery_eye_net_sync_test                                 | build error        |
| 135  | onboard/nets/trt/tl_det_net/tl_det_net_sync_test                                       | build error        |
| 136  | onboard/nets/trt/panonet_sync_test                                                     | build error        |
| 137  | onboard/nets/trt/vidarnet_sync_test                                                    | build error        |
| 138  | onboard/nets/trt/depth_net_sync_test                                                   | build error        |
| 139  | onboard/nets/trt/cutin_sl_net_sync_test                                                | build error        |
| 140  | onboard/nets/trt/tcn/tcn_net_sync_test                                                 | build error        |
| 141  | onboard/nets/trt/omni_net/omni_net_test                                                | build error        |
| 142  | onboard/nets/trt/mono3d/keypoint_utils_test                                            | build error        |
| 143  | onboard/nets/trt/utils/filesystem_test                                                 | build error        |
| 144  | onboard/nets/trt/utils/cuda/cuda_mapped_memory_test                                    | build error        |
| 145  | onboard/nets/trt/hdn/hdn_utils_test                                                    | build error        |
| 146  | onboard/nets/trt/hdn/hdn_test                                                          | build error        |
| 147  | onboard/nets/trt/bev_det/bev_net_test                                                  | build error        |
| 148  | onboard/nets/trt/bev_det/bev_net_utils_test                                            | build error        |
| 149  | onboard/nets/trt/tl_net/tl_net_s_qnn_test                                              | build error        |
| 150  | onboard/nets/trt/tl_net/tl_net_qnn_test                                                | build error        |
| 151  | onboard/nets/trt/tl_net/tl_net_nv12_qnn_test                                           | build error        |
| 152  | onboard/nets/trt/tl_net/tl_net_sync_test                                               | build error        |
| 153  | onboard/nets/trt/patch_classifier_net/patch_classifier_net_sync_test                   | build error        |
| 154  | onboard/nets/bev_det/bev_net_test                                                      | build error        |
| 155  | onboard/nets/road_geometry/road_geometry_test                                          | build error        |
| 156  | /qcraft/onboard/nets/patch_classifier_net/patch_classifier_net_sync_test               | build error        |
| 157  | onboard/nets/traffic_light/tl_net_classifier_sync_test                                 | build error        |
| 158  | onboard/nets/traffic_light/tl_net_classifier_qnn_test                                  | build error        |
| 159  | onboard/nets/traffic_light/tl_detector_sync_test                                       | build error        |
| 160  | onboard/positioning/drivers/parsers/parse_test                                         | build error        |
| 161  | onboard/positioning/drivers/parsers/x2c_ascii_parser_test                              | build error        |
| 162  | onboard/positioning/drivers/parsers/newtonm2_ascii_parser_test                         | build error        |
| 163  | onboard/positioning/drivers/driver_checker_test                                        | build error        |
| 164  | onboard/positioning/drivers/gnss_imu_checker_test                                      | build error        |
| 165  | onboard/positioning/drivers/gnss_imu_driver_test                                       | build error        |
| 166  | onboard/positioning/drivers/clock_controller/gpsd_client_hil_test                      | build error        |
| 167  | onboard/positioning/drivers/clock_controller/gpsd_client_test                          | build error        |
| 168  | onboard/positioning/positioning_util_test                                              | build error        |
| 169  | onboard/positioning/positioning_struct_test                                            | build error        |
| 170  | onboard/positioning/positioning_module_test                                            | build error        |
| 171  | onboard/positioning/smooth_coordinates/attitude_eskf_estimator_test                    | build error        |
| 172  | onboard/positioning/smooth_coordinates/vp_eskf_estimator_test                          | build error        |
| 173  | onboard/positioning/smooth_coordinates/roll_pitch_eskf_estimator_test                  | build error        |
| 174  | onboard/positioning/smooth_coordinates/ins_odometer_utils_test                         | build error        |
| 175  | onboard/positioning/smooth_coordinates/speed_ekf_smoother_test                         | build error        |
| 176  | onboard/node/node_test                                                                 | build error        |
| 177  | onboard/node/node_util_test                                                            | build error        |
| 178  | onboard/planner/freespace/geometry_method/geometry_connection_test                     | build error        |
| 179  | onboard/planner/freespace/geometry_method/geometry_path_collision_checker_test         | build error        |
| 180  | onboard/planner/freespace/geometry_method/parallel_parking_test                        | build error        |
| 181  | onboard/planner/freespace/geometry_method/perpendicular_parking_test                   | build error        |
| 182  | onboard/planner/freespace/path_manager_util_test                                       | build error        |
| 183  | onboard/planner/freespace/tob_path_smoother_test                                       | build error        |
| 184  | onboard/planner/freespace/ipopt_global_path_smoother_test                              | build error        |
| 185  | onboard/planner/freespace/sqp_global_path_smoother/convex_region_generator_test        | build error        |
| 186  | onboard/planner/freespace/sqp_global_path_smoother/sqp_global_path_smoother_test       | build error        |
| 187  | onboard/planner/freespace/hybrid_a_star/reeds_shepp_test                               | build error        |
| 188  | onboard/planner/freespace/hybrid_a_star/hybrid_a_star_test                             | build error        |
| 189  | onboard/planner/scheduler/local_map_builder_test                                       | build error        |
| 190  | onboard/planner/scheduler/scheduler_util_test                                          | build error        |
| 191  | onboard/planner/scheduler/path_boundary_builder_test                                   | build error        |
| 192  | onboard/planner/scheduler/target_lane_path_filter_test                                 | build error        |
| 193  | onboard/planner/scheduler/reference_line_qp_smoother_test                              | build error        |
| 194  | onboard/planner/scheduler/smooth_reference_line_builder_test                           | build error        |
| 195  | onboard/planner/scheduler/smooth_reference_line_result_test                            | build error        |
| 196  | onboard/planner/scheduler/driving_map_topo_builder_test                                | build error        |
| 197  | onboard/planner/scheduler/lane_graph/lane_path_finder_test                             | build error        |
| 198  | onboard/planner/scene/traffic_flow_reasoning_test                                      | build error        |
| 199  | onboard/planner/scene/off_road_scene_reasoning_test                                    | build error        |
| 200  | onboard/planner/scene/occluded_objects_reasoning_test                                  | build error        |
| 201  | onboard/planner/scene/occluded_interaction_lane_reasoning_test                         | build error        |
| 202  | onboard/planner/trajectory_util_test                                                   | build error        |
| 203  | onboard/planner/speed_profile_test                                                     | build error        |
| 204  | onboard/planner/discretized_path_test                                                  | build error        |
| 205  | onboard/planner/composite_lane_path_test                                               | build error        |
| 206  | onboard/planner/planner_state_test                                                     | build error        |
| 207  | onboard/planner/trajectory_validation_error_test                                       | build error        |
| 208  | onboard/planner/emergency_stop_test                                                    | build error        |
| 209  | onboard/planner/planner_semantic_map_manager_test                                      | build error        |
| 210  | onboard/planner/min_length_path_extension_test                                         | build error        |
| 211  | onboard/planner/planner_params_builder_test                                            | build error        |
| 212  | onboard/planner/trajectory_validation_test                                             | build error        |
| 213  | onboard/planner/planner_module_test                                                    | build error        |
| 214  | onboard/planner/object/spacetime_object_trajectory_test                                | build error        |
| 215  | onboard/planner/object/spacetime_trajectory_manager_test                               | build error        |
| 216  | onboard/planner/object/planner_object_manager_test                                     | build error        |
| 217  | onboard/planner/object/planner_object_manager_builder_test                             | build error        |
| 218  | onboard/planner/object/motion_state_filter_test                                        | build error        |
| 219  | onboard/planner/object/predicted_motion_filter_test                                    | build error        |
| 220  | onboard/planner/plan/plan_task_helper_test                                             | build error        |
| 221  | onboard/planner/plan/plan_task_switcher_test                                           | build error        |
| 222  | onboard/planner/plan/acc/test_util_test                                                | build error        |
| 223  | onboard/planner/plan/acc/acc_target_util_test                                          | build error        |
| 224  | onboard/planner/plan/acc/acc_corridor_util_test                                        | build error        |
| 225  | onboard/planner/plan/acc/acc_preliminary_speed_test                                    | build error        |
| 226  | onboard/planner/plan/acc/acc_corridor_with_map_test                                    | build error        |
| 227  | onboard/planner/plan/acc/acc_corridor_without_map_test                                 | build error        |
| 228  | onboard/planner/plan/acc/acc_target_selector_with_map_test                             | build error        |
| 229  | onboard/planner/optimization/ipopt/ipopt_optimizer_test                                | build error        |
| 230  | onboard/planner/optimization/problem/legacy/tob_lateral_jerk_cost_test                 | build error        |
| 231  | onboard/planner/optimization/problem/legacy/speed_limit_cost_test                      | build error        |
| 232  | onboard/planner/optimization/problem/legacy/tob_s_limiting_object_cost_test            | build error        |
| 233  | onboard/planner/optimization/problem/legacy/msd_keep_close_to_center_line_cost_test    | build error        |
| 234  | onboard/planner/optimization/problem/legacy/step_static_boundary_cost_test             | build error        |
| 235  | onboard/planner/optimization/problem/legacy/tob_projective_object_cost_test            | build error        |
| 236  | onboard/planner/optimization/problem/legacy/mfob_emeraude_object_cost_test             | build error        |
| 237  | onboard/planner/optimization/problem/third_order_bicycle_test                          | build error        |
| 238  | onboard/planner/optimization/problem/mixed_fourth_order_bicycle_test                   | build error        |
| 239  | onboard/planner/optimization/problem/longitudinal_acceleration_cost_test               | build error        |
| 240  | onboard/planner/optimization/problem/lateral_acceleration_cost_test                    | build error        |
| 241  | onboard/planner/optimization/problem/mfob_lateral_jerk_cost_test                       | build error        |
| 242  | onboard/planner/optimization/problem/mfob_intrinsic_lateral_snap_cost_test             | build error        |
| 243  | onboard/planner/optimization/problem/longitudinal_jerk_cost_test                       | build error        |
| 244  | onboard/planner/optimization/problem/curvature_cost_test                               | build error        |
| 245  | onboard/planner/optimization/problem/curvature_deviation_cost_test                     | build error        |
| 246  | onboard/planner/optimization/problem/mfob_curvature_rate_cost_test                     | build error        |
| 247  | onboard/planner/optimization/problem/mfob_curvature_rate_rate_cost_test                | build error        |
| 248  | onboard/planner/optimization/problem/reference_line_deviation_cost_test                | build error        |
| 249  | onboard/planner/optimization/problem/end_heading_cost_test                             | build error        |
| 250  | onboard/planner/optimization/problem/segmented_speed_limit_cost_test                   | build error        |
| 251  | onboard/planner/optimization/problem/segmented_speed_limit_cost_v2_test                | build error        |
| 252  | onboard/planner/optimization/problem/reference_state_deviation_cost_test               | build error        |
| 253  | onboard/planner/optimization/problem/reference_control_deviation_cost_test             | build error        |
| 254  | onboard/planner/optimization/problem/reference_single_state_deviation_cost_test        | build error        |
| 255  | onboard/planner/optimization/problem/mfob_path_boundary_cost_test                      | build error        |
| 256  | onboard/planner/optimization/problem/static_boundary_cost_test                         | build error        |
| 257  | onboard/planner/optimization/problem/static_boundary_cost_lite_test                    | build error        |
| 258  | onboard/planner/optimization/problem/msd_static_boundary_cost_test                     | build error        |
| 259  | onboard/planner/optimization/problem/msd_static_boundary_cost_v2_test                  | build error        |
| 260  | onboard/planner/optimization/problem/partitioned_object_cost_test                      | build error        |
| 261  | onboard/planner/optimization/problem/unidirectional_object_cost_test                   | build error        |
| 262  | onboard/planner/optimization/problem/aggregate_static_object_cost_test                 | build error        |
| 263  | onboard/planner/optimization/problem/reference_longitudinal_jerk_deviation_cost_test   | build error        |
| 264  | onboard/planner/optimization/problem/partitioned_static_boundary_cost_test             | build error        |
| 265  | onboard/planner/optimization/ddp/ddp_optimizer_test                                    | build error        |
| 266  | onboard/planner/optimization/ddp/trajectory_optimizer_test                             | build error        |
| 267  | onboard/planner/optimization/ddp/speed_limit_cost_util_test                            | build error        |
| 268  | onboard/planner/common/path_sl_boundary_test                                           | build error        |
| 269  | onboard/planner/common/lane_path_info_test                                             | build error        |
| 270  | onboard/planner/common/path_approx_test                                                | build error        |
| 271  | onboard/planner/common/path_approx_overlap_test                                        | build error        |
| 272  | onboard/planner/common/vehicle_octagon_model_test                                      | build error        |
| 273  | onboard/planner/common/vehicle_shape_test                                              | build error        |
| 274  | onboard/planner/common/circle_path_overlap_test                                        | build error        |
| 275  | onboard/planner/assist/assist_util_test                                                | build error        |
| 276  | onboard/planner/assist/alcc_scheduler_test                                             | build error        |
| 277  | onboard/planner/assist/lcc_map_builder_test                                            | build error        |
| 278  | onboard/planner/assist/alcc_selector_test                                              | build error        |
| 279  | onboard/planner/assist/external_command_info_test                                      | build error        |
| 280  | /qcraft/onboard/planner/util/safe_invariance/common_test                               | build error        |
| 281  | onboard/planner/util/safe_invariance/safe_invariance_problem_test                      | build error        |
| 282  | onboard/planner/util/safe_invariance/safe_invariance_problem_interface_test            | build error        |
| 283  | onboard/planner/util/safe_invariance/ss_overlap_util_test                              | build error        |
| 284  | onboard/planner/util/safe_invariance/safe_invariance_problem_v2_test                   | build error        |
| 285  | onboard/planner/util/prediction_util_test                                              | build error        |
| 286  | onboard/planner/util/perception_util_test                                              | build error        |
| 287  | onboard/planner/util/vehicle_geometry_util_test                                        | build error        |
| 288  | onboard/planner/util/path_util_test                                                    | build error        |
| 289  | onboard/planner/util/min_segment_distance_problem_test                                 | build error        |
| 290  | onboard/planner/util/quad_tree_test                                                    | build error        |
| 291  | onboard/planner/util/qtfm_segment_matcher_v2_test                                      | build error        |
| 292  | onboard/planner/util/qtfm_segment_matcher_util_test                                    | build error        |
| 293  | onboard/planner/util/motion_util_test                                                  | build error        |
| 294  | onboard/planner/util/hmi_content_util_test                                             | build error        |
| 295  | onboard/planner/initializer/search_motion_test                                         | build error        |
| 296  | onboard/planner/initializer/motion_form_test                                           | build error        |
| 297  | onboard/planner/initializer/collision_checker_test                                     | build error        |
| 298  | onboard/planner/initializer/dp_cost_feature_test                                       | build error        |
| 299  | onboard/planner/initializer/ref_speed_table_test                                       | build error        |
| 300  | onboard/planner/initializer/test_util_test                                             | build error        |
| 301  | onboard/planner/initializer/reference_line_searcher_test                               | build error        |
| 302  | onboard/planner/initializer/geometry/geometry_graph_test                               | build error        |
| 303  | onboard/planner/initializer/geometry/geometry_form_test                                | build error        |
| 304  | onboard/planner/initializer/geometry/geometry_form_builder_test                        | build error        |
| 305  | onboard/planner/test_util/perception_object_builder_test                               | build error        |
| 306  | onboard/planner/test_util/predicted_trajectory_builder_test                            | build error        |
| 307  | onboard/planner/test_util/object_prediction_builder_test                               | build error        |
| 308  | /qcraft/onboard/planner/test_util/util_test                                            | build error        |
| 309  | onboard/planner/test_util/planner_object_builder_test                                  | build error        |
| 310  | onboard/planner/test_util/route_builder_test                                           | build error        |
| 311  | onboard/planner/math/spiral_test                                                       | build error        |
| 312  | onboard/planner/math/intelligent_driver_model_test                                     | build error        |
| 313  | onboard/planner/math/cubic_spiral_boundary_value_problem_test                          | build error        |
| 314  | onboard/planner/math/quintic_spiral_boundary_value_problem_test                        | build error        |
| 315  | onboard/planner/math/piecewise_jerk_qp_solver/piecewise_jerk_qp_solver_test            | build error        |
| 316  | onboard/planner/decision/constraint_builder_test                                       | build error        |
| 317  | onboard/planner/decision/leading_object_test                                           | build error        |
| 318  | onboard/planner/decision/leading_groups_builder_test                                   | build error        |
| 319  | onboard/planner/decision/ignore_object_test                                            | build error        |
| 320  | onboard/planner/decision/no_block_test                                                 | build error        |
| 321  | onboard/planner/decision/cautious_brake_decider_test                                   | build error        |
| 322  | onboard/planner/decision/end_of_path_boundary_test                                     | build error        |
| 323  | onboard/planner/decision/end_of_current_lane_path_test                                 | build error        |
| 324  | onboard/planner/decision/speed_bump_test                                               | build error        |
| 325  | onboard/planner/decision/decision_util_test                                            | build error        |
| 326  | onboard/planner/decision/parking_brake_release_test                                    | build error        |
| 327  | onboard/planner/decision/traffic_light_info_collector_test                             | build error        |
| 328  | onboard/planner/decision/traffic_gap_finder_test                                       | build error        |
| 329  | onboard/planner/decision/solid_line_within_boundary_test                               | build error        |
| 330  | onboard/planner/decision/beyond_length_along_route_test                                | build error        |
| 331  | onboard/planner/decision/lc_end_of_current_lane_constraint_test                        | build error        |
| 332  | onboard/planner/decision/inferred_object_decider_test                                  | build error        |
| 333  | onboard/planner/decision/turn_signal_decider_test                                      | build error        |
| 334  | onboard/planner/selector/selector_test                                                 | build error        |
| 335  | onboard/planner/speed/speed_optimizer_test                                             | build error        |
| 336  | onboard/planner/speed/path_speed_combiner_test                                         | build error        |
| 337  | onboard/planner/speed/speed_limit_test                                                 | build error        |
| 338  | onboard/planner/speed/speed_optimizer_constraint_manager_test                          | build error        |
| 339  | onboard/planner/ml/context_feature_extractor/object_history_sampler_test               | build error        |
| 340  | onboard/planner/router/thirdparty/external_route_request_test                          | build error        |
| 341  | onboard/planner/router/thirdparty/coordinate_transformer_test                          | build error        |
| 342  | onboard/planner/router/thirdparty/external_route_manager_test                          | build error        |
| 343  | onboard/planner/router/preprocess/future_pos_estimation_test                           | build error        |
| 344  | onboard/planner/router/route_util_test                                                 | build error        |
| 345  | onboard/planner/router/drive_passage_test                                              | build error        |
| 346  | onboard/planner/router/route_test                                                      | build error        |
| 347  | onboard/planner/router/route_manager_test                                              | build error        |
| 348  | onboard/planner/router/drive_passage_builder_test                                      | build error        |
| 349  | onboard/planner/router/route_flags_convert_test                                        | build error        |
| 350  | onboard/planner/router/multi_stops_request_test                                        | build error        |
| 351  | onboard/planner/router/route_manager_util_test                                         | build error        |
| 352  | onboard/planner/router/route_sections_info_test                                        | build error        |
| 353  | onboard/planner/router/route_sections_util_test                                        | build error        |
| 354  | onboard/planner/router/off_road_route_searcher_test                                    | build error        |
| 355  | onboard/planner/router/route_params_test                                               | build error        |
| 356  | onboard/planner/router/route_portal_util_test                                          | build error        |
| 357  | onboard/planner/router/road_conditions_process_test                                    | build error        |
| 358  | onboard/planner/router/route_core_test                                                 | build error        |
| 359  | onboard/planner/router/route_core_searcher_test                                        | build error        |
| 360  | onboard/planner/router/map_match_test                                                  | build error        |
| 361  | onboard/planner/router/route_ego_tracker_test                                          | build error        |
| 362  | onboard/planner/router/routing_module_test                                             | build error        |
| 363  | onboard/planner/router/noa/osm_util_test                                               | build error        |
| 364  | onboard/planner/router/alternate/alternative_route_util_test                           | build error        |
| 365  | onboard/planner/router/alternate/alternative_route_test                                | build error        |
| 366  | onboard/planner/router/sim/snapshot_sim_state_test                                     | build error        |
| 367  | onboard/planner/router/lane_graph/basic_graph_test                                     | build error        |
| 368  | onboard/planner/router/lane_graph/dijkstra_test                                        | build error        |
| 369  | onboard/planner/router/lane_graph/v2/dijkstra_test                                     | build error        |
| 370  | onboard/planner/router/monitor/stop_monitor_test                                       | build error        |
| 371  | onboard/planner/router/util/async_retry_test                                           | build error        |
| 372  | onboard/planner/router/util/route_extend_path_test                                     | build error        |
| 373  | onboard/planner/router/util/map_index_test                                             | build error        |
| 374  | onboard/planner/router/geometry/gfc_test                                               | build error        |
| 375  | onboard/planner/router/interface/generate_route_test                                   | build error        |
| 376  | onboard/planner/router/navi/navi_output_test                                           | build error        |
| 377  | onboard/planner/router/navi/route_navi_info_builder_test                               | build error        |
| 378  | onboard/maps/internal/online_map_test_helper_test                                      | build error        |
| 379  | onboard/maps/imagery_manager_test                                                      | build error        |
| 380  | onboard/maps/semantic_map_test                                                         | build error        |
| 381  | onboard/maps/semantic_map_util_test                                                    | build error        |
| 382  | onboard/maps/semantic_map_manager_usage_and_test                                       | build error        |
| 383  | onboard/maps/semantic_map_io_qlfs_test                                                 | build error        |
| 384  | onboard/maps/lane_path_test                                                            | build error        |
| 385  | onboard/maps/semantic_map_io_test                                                      | build error        |
| 386  | onboard/maps/map_io_test                                                               | build error        |
| 387  | onboard/maps/day_intervals_test                                                        | build error        |
| 388  | onboard/maps/semantic_map_loader_test                                                  | build error        |
| 389  | onboard/maps/semantic_map_loader_change_map_test                                       | build error        |
| 390  | onboard/maps/imagery_with_file_lock_test                                               | build error        |
| 391  | onboard/maps/map_repo_test                                                             | build error        |
| 392  | onboard/maps/map_repo_utils_test                                                       | build error        |
| 393  | onboard/maps/semantic_map_elevation_test                                               | build error        |
| 394  | onboard/maps/map_or_die_macros_test                                                    | build error        |
| 395  | onboard/maps/lane_path_util_test                                                       | build error        |
| 396  | onboard/maps/lane_path_data_test                                                       | build error        |
| 397  | onboard/maps/online_map_utils_test                                                     | build error        |
| 398  | onboard/maps/online_map_data_types_test                                                | build error        |
| 399  | onboard/maps/spatial_search_util_test                                                  | build error        |
| 400  | onboard/maps/map_patch_test                                                            | build error        |
| 401  | onboard/maps/post_process_map_util_test                                                | build error        |
| 402  | onboard/maps/semantic_map_manager_test                                                 | build error        |
| 403  | onboard/maps/online_map_converter_test                                                 | build error        |
| 404  | onboard/maps/v2/semantic_map_manager_test                                              | build error        |
| 405  | onboard/maps/v2/semantic_map_spatial_index_test                                        | build error        |
| 406  | onboard/maps/v2/semantic_map_elevation_manager_test                                    | build error        |
| 407  | onboard/maps/v2/semantic_map_loader_test                                               | build error        |
| 408  | onboard/maps/v2/semantic_map_listener_test                                             | build error        |
| 409  | onboard/maps/v2/semantic_map_util_test                                                 | build error        |
| 410  | onboard/maps/geometry/geometry_util_test                                               | build error        |
| 411  | onboard/maps/vision_map/internal/vision_map_test_helper_test                           | build error        |
| 412  | onboard/maps/vision_map/vision_map_data_types_test                                     | build error        |
| 413  | onboard/v2x/v2x_util_test                                                              | build error        |
| 414  | onboard/v2x/parser/parser_test                                                         | build error        |
| 415  | onboard/lidar/spin_structs_test                                                        | build error        |
| 416  | onboard/lidar/spin_reader_test                                                         | build error        |
| 417  | onboard/lidar/normal_estimation_test                                                   | build error        |
| 418  | onboard/lidar/vehicle_pose_util_test                                                   | build error        |
| 419  | onboard/lidar/lidar_params_test                                                        | build error        |
| 420  | onboard/lidar/spinning_lidar_driver_test                                               | build error        |
| 421  | onboard/lidar/robosense/rs_m1_driver_test                                              | build error        |
| 422  | onboard/lidar/robosense/rs_command_settings_test                                       | build error        |
| 423  | onboard/lidar/hesai/hesai_command_settings_test                                        | build error        |
| 424  | onboard/prediction/scheduler/scenario_analyzer_test                                    | build error        |
| 425  | onboard/prediction/scheduler/priority_analyzer_test                                    | build error        |
| 426  | onboard/prediction/prediction_util_test                                                | build error        |
| 427  | onboard/prediction/prediction_message_compressor_test                                  | build error        |
| 428  | onboard/prediction/container/model_pool_test                                           | build error        |
| 429  | onboard/prediction/container/objects_history_test                                      | build error        |
| 430  | onboard/prediction/container/object_prediction_result_test                             | build error        |
| 431  | onboard/prediction/container/prediction_context_test                                   | build error        |
| 432  | onboard/prediction/container/prediction_input_test                                     | build error        |
| 433  | onboard/prediction/container/traffic_light_manager_test                                | build error        |
| 434  | onboard/prediction/predictor/void_predictor_test                                       | build error        |
| 435  | onboard/prediction/predictor/heuristic_pedestrian_predictor_test                       | build error        |
| 436  | onboard/prediction/predictor/bicycle_lane_follow_predictor_test                        | build error        |
| 437  | onboard/prediction/predictor/vehicle_lane_follow_predictor_test                        | build error        |
| 438  | onboard/prediction/predictor/act_net_predictor_test                                    | build error        |
| 439  | onboard/prediction/predictor/cutin_sl_net_predictor_test                               | build error        |
| 440  | onboard/prediction/predictor/predictor_util_test                                       | build error        |
| 441  | onboard/prediction/predictor/kinematic_predictor_test                                  | build error        |
| 442  | onboard/prediction/post_process/post_process_test                                      | build error        |
| 443  | onboard/prediction/post_process/conflict_resolver_test                                 | build error        |
| 444  | onboard/prediction/post_process/object_svt_sample_test                                 | build error        |
| 445  | onboard/prediction/post_process/svt_feature_cost_test                                  | build error        |
| 446  | onboard/prediction/post_process/object_svt_graph_test                                  | build error        |
| 447  | onboard/prediction/post_process/relation_analyzer_test                                 | build error        |
| 448  | onboard/prediction/post_process/trajectory_modifier_test                               | build error        |
| 449  | onboard/prediction/post_process/conflict_resolver_util_test                            | build error        |
| 450  | onboard/prediction/util/trajectory_developer_test                                      | build error        |
| 451  | onboard/prediction/util/lane_path_finder_test                                          | build error        |
| 452  | onboard/prediction/util/transform_util_test                                            | build error        |
| 453  | onboard/prediction/util/kinematic_model_test                                           | build error        |
| 454  | onboard/prediction/net/horizon/horizon_tensor_wrapper_test                             | build error        |
| 455  | onboard/prediction/test_util/object_history_builder_test                               | build error        |
| 456  | onboard/prediction/test_util/prediction_context_builder_test                           | build error        |
| 457  | onboard/prediction/test_util/net_input_generator_test                                  | build error        |
| 458  | onboard/prediction/inferencer/actnet_sync_test                                         | build error        |
| 459  | onboard/prediction/inferencer/actnet_speed_sync_test                                   | build error        |
| 460  | onboard/prediction/inferencer/prediction_qnn_test                                      | build error        |
| 461  | onboard/prediction/inferencer/act_net_inferencer_test                                  | build error        |
| 462  | onboard/prediction/inferencer/act_net_speed_inferencer_test                            | build error        |
| 463  | onboard/prediction/inferencer/cutin_sl_net_inferencer_test                             | build error        |
| 464  | onboard/prediction/feature_extractor/feature_extraction_util_test                      | build error        |
| 465  | onboard/prediction/feature_extractor/map_sampler_test                                  | build error        |
| 466  | onboard/prediction/feature_extractor/vehicle_net_feature_extractor_test                | build error        |
| 467  | onboard/prediction/feature_extractor/act_net_feature_extractor_test                    | build error        |
| 468  | onboard/prediction/feature_extractor/cutin_sl_feature_extractor_test                   | build error        |
| 469  | onboard/prediction/feature_extractor/object_history_sampler_test                       | build error        |
| 470  | onboard/prediction/long_term/long_term_behavior_estimator_test                         | build error        |
| 471  | onboard/j5/upload/onboard/conf/run_conf_man_test                                       | build error        |
| 472  | onboard/j5/upload/onboard/prediction/post_process/object_svt_sample_test               | build error        |
| 473  | onboard/j5/upload/onboard/prediction/post_process/svt_feature_cost_test                | build error        |
| 474  | onboard/j5/upload/onboard/prediction/post_process/object_svt_graph_test                | build error        |
| 475  | onboard/j5/upload/onboard/prediction/post_process/relation_analyzer_test               | build error        |
| 476  | onboard/j5/upload/onboard/params/tests/param_manager_test                              | build error        |
| 477  | onboard/j5/upload/onboard/params/tests/param_manager_smoke_test                        | build error        |
| 478  | onboard/j5/upload/onboard/params/tests/car_param_load_test                             | build error        |
| 479  | onboard/j5/upload/onboard/camera/v3/image_forwarding_manager_test                      | build error        |
| 480  | onboard/j5/upload/onboard/camera/v3/v4l2/camera_device_v4l2_test                       | build error        |
| 481  | onboard/j5/upload/onboard/camera/v3/trigger/hardware_trigger_test                      | build error        |
| 482  | onboard/j5/upload/onboard/lite/launch_plan/launch_plan_helper_test                     | build error        |
| 483  | onboard/j5/upload/onboard/lite/launch_plan/launch_plan_verify_test                     | build error        |
| 484  | onboard/j5/upload/scripts/qcraft_base_test                                             | build error        |
| 485  | onboard/j5/upload/scripts/run_scenario_test                                            | build error        |
| 486  | onboard/logging/wal/wal_reader_writer_test                                             | build error        |
| 487  | onboard/perception/registration/icp_with_normal_lls_test                               | build error        |
| 488  | onboard/perception/registration/icp_tracker_test                                       | build error        |
| 489  | onboard/perception/registration/icp_test                                               | build error        |
| 490  | onboard/perception/registration/icp_with_covariance_test                               | build error        |
| 491  | onboard/perception/registration/registration_common_tool_test                          | build error        |
| 492  | onboard/perception/registration/corres_point_optimize_test                             | build error        |
| 493  | onboard/perception/registration/cuda/tensor_test                                       | build error        |
| 494  | onboard/perception/registration/cuda/batch_cloud_test                                  | build error        |
| 495  | onboard/perception/registration/cuda/nearest_neighbor_search_cuda_test                 | build error        |
| 496  | onboard/perception/registration/cuda/compute_normal_cuda_test                          | build error        |
| 497  | onboard/perception/aeb/aeb_tracker_module_test                                         | build error        |
| 498  | onboard/perception/tracker/multi_camera_fusion/camera_source_param_test                | build error        |
| 499  | onboard/perception/tracker/multi_camera_fusion/single_camera_tracker_test              | build error        |
| 500  | onboard/perception/tracker/multi_camera_fusion/single_camera_2d_tracker_test           | build error        |
| 501  | onboard/perception/tracker/multi_camera_fusion/tracker_util_test                       | build error        |
| 502  | onboard/perception/tracker/multi_camera_fusion/multi_camera_fusion_engine_test         | build error        |
| 503  | onboard/perception/tracker/trajectory_util_test                                        | build error        |
| 504  | onboard/perception/tracker/motion_static_classifier_test                               | build error        |
| 505  | onboard/perception/tracker/shooter_killer_test                                         | build error        |
| 506  | onboard/perception/tracker/voter_test                                                  | build error        |
| 507  | onboard/perception/tracker/motion_filter_source_param_test                             | build error        |
| 508  | onboard/perception/tracker/track_life_manager_test                                     | build error        |
| 509  | onboard/perception/tracker/track_merge_split_manager_test                              | build error        |
| 510  | onboard/perception/tracker/track_measurement_source_type_manager_test                  | build error        |
| 511  | onboard/perception/tracker/ref_point_manager_test                                      | build error        |
| 512  | onboard/perception/tracker/tracker_util_test                                           | build error        |
| 513  | onboard/perception/tracker/motion_filter_manager_test                                  | build error        |
| 514  | onboard/perception/tracker/measurement_manager_test                                    | build error        |
| 515  | onboard/perception/tracker/motion_filter_2/tracker_common_test                         | build error        |
| 516  | onboard/perception/tracker/motion_filter_2/point_model_test                            | build error        |
| 517  | onboard/perception/tracker/motion_filter_2/car_model_test                              | build error        |
| 518  | onboard/perception/tracker/motion_filter_2/state_data_test                             | build error        |
| 519  | onboard/perception/tracker/motion_filter_2/meas_model_test                             | build error        |
| 520  | onboard/perception/tracker/motion_filter_2/meas_model_type_traits_test                 | build error        |
| 521  | onboard/perception/tracker/motion_filter_2/kalman_filter_test                          | build error        |
| 522  | onboard/perception/tracker/motion_filter_2/ukf_test                                    | build error        |
| 523  | onboard/perception/tracker/motion_filter_2/ut_test                                     | build error        |
| 524  | onboard/perception/tracker/motion_filter_2/motion_filter_test                          | build error        |
| 525  | onboard/perception/tracker/motion_filter_2/estimator_test                              | build error        |
| 526  | onboard/perception/tracker/motion_filter_2/utils_test                                  | build error        |
| 527  | onboard/perception/tracker/motion_filter_2/extent_model_test                           | build error        |
| 528  | onboard/perception/tracker/motion_filter_2/extent_meas_model_test                      | build error        |
| 529  | onboard/perception/tracker/motion_filter_2/img_2d_model_test                           | build error        |
| 530  | onboard/perception/tracker/motion_filter_2/extent_filter_test                          | build error        |
| 531  | onboard/perception/tracker/motion_filter_2/img_2d_kalman_filter_test                   | build error        |
| 532  | onboard/perception/tracker/track_updater/track_updater_test                            | build error        |
| 533  | onboard/perception/tracker/utils/measurement_util_test                                 | build error        |
| 534  | onboard/perception/tracker/association/association_util_test                           | build error        |
| 535  | onboard/perception/tracker/association/onboard_associator_test                         | build error        |
| 536  | onboard/perception/tracker/association/similarity_matrix_builder_test                  | build error        |
| 537  | onboard/perception/tracker/association/match_solver_test                               | build error        |
| 538  | onboard/perception/tracker/association/gate_test                                       | build error        |
| 539  | onboard/perception/tracker/association/metric_test                                     | build error        |
| 540  | onboard/perception/tracker/test_util/measurement_builder_test                          | build error        |
| 541  | onboard/perception/tracker/test_util/track_builder_test                                | build error        |
| 542  | onboard/perception/tracker/track_classifier/visual_feature_extractor_test              | build error        |
| 543  | onboard/perception/tracker/track_classifier/label_convert_utils_test                   | build error        |
| 544  | onboard/perception/omninet/human_pipeline_tracker_test                                 | build error        |
| 545  | onboard/perception/omninet/omninet_module_test                                         | build error        |
| 546  | onboard/perception/vision/bev_road_geometry/bev_road_geometry_test                     | build error        |
| 547  | onboard/perception/vision/vision_module_test                                           | build error        |
| 548  | onboard/perception/vision/vision_utils_test                                            | build error        |
| 549  | onboard/perception/vision/mono3d/mono3d_adapter_test                                   | build error        |
| 550  | onboard/perception/vision/hdn/hdn_adapter_test                                         | build error        |
| 551  | onboard/perception/vision/bev_det/bev_adapter_test                                     | build error        |
| 552  | onboard/perception/vision/traffic_light/traffic_light_classifier_test                  | build error        |
| 553  | onboard/perception/vision/traffic_light/traffic_light_util_test                        | build error        |
| 554  | onboard/perception/vision/traffic_light/traffic_light_detector_test                    | build error        |
| 555  | onboard/perception/vision/traffic_light/hmm/hmm_test                                   | build error        |
| 556  | onboard/perception/utils/point_filtering_utils_test                                    | build error        |
| 557  | onboard/perception/utils/qcv_execute_test                                              | build error        |
| 558  | onboard/perception/utils/camera_measurements_util_test                                 | build error        |
| 559  | onboard/perception/utils/perception_util_test                                          | build error        |
| 560  | onboard/perception/utils/semantic_map_util_test                                        | build error        |
| 561  | onboard/perception/utils/type_util_test                                                | build error        |
| 562  | onboard/perception/utils/projection_util_test                                          | build error        |
| 563  | onboard/perception/lidar_pipeline/sensor_fov/line_iterator_test                        | build error        |
| 564  | onboard/perception/lidar_pipeline/sensor_fov/sensor_fov_grid_test                      | build error        |
| 565  | onboard/perception/lidar_pipeline/sensor_fov/sensor_fov_test                           | build error        |
| 566  | onboard/perception/lidar_pipeline/sensor_fov/sensor_fov_builder_test                   | build error        |
| 567  | onboard/perception/lidar_pipeline/cluster_test                                         | build error        |
| 568  | onboard/perception/lidar_pipeline/obstacle_clusterer_test                              | build error        |
| 569  | onboard/perception/lidar_pipeline/obstacle_detector_test                               | build error        |
| 570  | onboard/perception/lidar_pipeline/obstacle_test                                        | build error        |
| 571  | onboard/perception/lidar_pipeline/obstacle_util_test                                   | build error        |
| 572  | onboard/perception/lidar_pipeline/cluster_util_test                                    | build error        |
| 573  | onboard/perception/lidar_pipeline/pillar_rc_coord_converter_test                       | build error        |
| 574  | onboard/perception/lidar_pipeline/smooth_rc_coord_converter_test                       | build error        |
| 575  | onboard/perception/lidar_pipeline/perception_module_test                               | build error        |
| 576  | onboard/perception/lidar_pipeline/obstacle_semantic_manager/obstacle_semantic_grid_test | build error        |
| 577  | onboard/perception/lidar_pipeline/obstacle_semantic_manager/obstacle_semantic_manager_util_test | build error        |
| 578  | onboard/perception/lidar_pipeline/obstacle_semantic_manager/obstacle_semantic_manager_test | build error        |
| 579  | onboard/perception/lidar_pipeline/test_util/obstacle_builder_test                      | build error        |
| 580  | onboard/perception/lidar_pipeline/test_util/cluster_builder_test                       | build error        |
| 581  | onboard/perception/lidar_pipeline/segmentation/proposer_tree_util_test                 | build error        |
| 582  | onboard/perception/lidar_pipeline/segmentation/proposer_util_test                      | build error        |
| 583  | onboard/perception/lidar_pipeline/segmentation/proposed_cluster_dag_test               | build error        |
| 584  | onboard/perception/lidar_pipeline/segmentation/fiery_eye_net_proposer_test             | build error        |
| 585  | onboard/perception/lidar_pipeline/segmentation/pyramid_test                            | build error        |
| 586  | onboard/perception/lidar_pipeline/range_image/range_image_dense_crf_test               | build error        |
| 587  | onboard/perception/lidar_pipeline/range_image/range_image_dense_crf_sync_test          | build error        |
| 588  | onboard/perception/lidar_pipeline/ground_removal/gradient_based_ground_remover_test    | build error        |
| 589  | onboard/perception/lidar_pipeline/ground_removal/ground_remover_test                   | build error        |
| 590  | onboard/perception/omninet_feature/omninet_featuer_module_test                         | build error        |
| 591  | onboard/container/small_vector_test                                                    | build error        |
| 592  | onboard/container/small_set_test                                                       | build error        |
| 593  | onboard/container/strong_vector_test                                                   | build error        |
| 594  | onboard/container/strong_int_test                                                      | build error        |
| 595  | onboard/container/cached_map_test                                                      | build error        |
| 596  | onboard/autonomy_state/conditions/process_minimal_risk_rules_test                      | build error        |
| 597  | onboard/autonomy_state/conditions/process_operational_condition_test                   | build error        |
| 598  | onboard/autonomy_state/managers/assist_mode_manager_test                               | build error        |
| 599  | onboard/autonomy_state/transitions/autonomy_state_transition_test                      | build error        |
| 600  | onboard/autonomy_state/transitions/assist_state_transition_test                        | build error        |
| 601  | onboard/async/async_util_test                                                          | build error        |
| 602  | onboard/async/future_test                                                              | build error        |
| 603  | onboard/async/concurrent_queue_test                                                    | build error        |
| 604  | onboard/async/thread_pool_test                                                         | build error        |
| 605  | onboard/async/parallel_for_test                                                        | build error        |
| 606  | onboard/async/async_macro_test                                                         | build error        |
| 607  | onboard/localization/visual_v2/frame_test                                              | build error        |
| 608  | onboard/localization/visual_v2/data_type_test                                          | build error        |
| 609  | onboard/localization/visual_v2/gnss_test                                               | build error        |
| 610  | onboard/localization/visual_v2/data_convert_test                                       | build error        |
| 611  | onboard/localization/visual_v2/data_manager_test                                       | build error        |
| 612  | onboard/localization/visual_v2/sliding_buffer_test                                     | build error        |
| 613  | onboard/localization/visual_v2/constraint_builder_test                                 | build error        |
| 614  | onboard/localization/visual_v2/option_manager_test                                     | build error        |
| 615  | onboard/localization/visual_v2/map_test                                                | build error        |
| 616  | onboard/localization/visual_v2/util/camera_test                                        | build error        |
| 617  | onboard/localization/visual_v2/util/rotation_test                                      | build error        |
| 618  | /qcraft/onboard/localization/visual_v2/util/timer_test                                 | build error        |
| 619  | onboard/localization/visual_v2/util/geo_math_test                                      | build error        |
| 620  | onboard/localization/visual_v2/util/visual_localization_utils_test                     | build error        |
| 621  | onboard/localization/visual_v2/estimator/estimator_test                                | build error        |
| 622  | onboard/localization/visual_v2/estimator/particle_filter_test                          | build error        |
| 623  | onboard/localization/particle_test                                                     | build error        |
| 624  | onboard/localization/particle_filter_base_test                                         | build error        |
| 625  | onboard/localization/image_matcher_localizer_test                                      | build error        |
| 626  | onboard/localization/imagery_range_check_test                                          | build error        |
| 627  | onboard/localization/localizer_test                                                    | build error        |
| 628  | onboard/localization/localization_util_test                                            | build error        |
| 629  | onboard/localization/particle_filter_test                                              | build error        |
| 630  | onboard/localization/scan_image_generator_test                                         | build error        |
| 631  | onboard/localization/visual/adaptive_ipm_test                                          | build error        |
| 632  | onboard/localization/visual/semantic_map_utils_test                                    | build error        |
| 633  | onboard/qdbf/my_test                                                                   | build error        |
| 634  | onboard/qdbf/lite_timer_test                                                           | build error        |
| 635  | onboard/vis/common/colormap_test                                                       | build error        |
| 636  | onboard/vis/canvas/canvas_test                                                         | build error        |
| 637  | onboard/qprod/http/form_data_test                                                      | build error        |
| 638  | /qcraft/onboard/qprod/utils/util_test                                                  | build error        |
| 639  | onboard/qprod/grpc/grpc_test                                                           | build error        |
| 640  | /qcraft/onboard/params/tests/param_manager_test                                        | build error        |
| 641  | /qcraft/onboard/params/tests/param_manager_smoke_test                                  | build error        |
| 642  | /qcraft/onboard/params/tests/car_param_load_test                                       | build error        |
| 643  | onboard/emergency_brake/fcw_state_machine_test                                         | build error        |
| 644  | onboard/emergency_brake/aebs_state_machine_test                                        | build error        |
| 645  | onboard/emergency_brake/desired_brake_distance_test                                    | build error        |
| 646  | onboard/emergency_brake/desired_brake_deceleration_test                                | build error        |
| 647  | onboard/emergency_brake/time_to_collision_test                                         | build error        |
| 648  | onboard/emergency_brake/path_generator_test                                            | build error        |
| 649  | onboard/emergency_brake/object_risk_assessor_test                                      | build error        |
| 650  | onboard/emergency_brake/target_selector_test                                           | build error        |
| 651  | onboard/emergency_brake/object_filter_test                                             | build error        |
| 652  | onboard/emergency_brake/object_pre_processor_util_test                                 | build error        |
| 653  | onboard/emergency_brake/object_predictor_test                                          | build error        |
| 654  | onboard/emergency_brake/object_analyzer_test                                           | build error        |
| 655  | onboard/emergency_brake/candidate_selector_test                                        | build error        |
| 656  | onboard/emergency_brake/object_pre_processor_test                                      | build error        |
| 657  | onboard/emergency_brake/test_util/fusion_object_builder_test                           | build error        |
| 658  | onboard/control/steering_protection_test                                               | build error        |
| 659  | onboard/control/trajectory_interface_test                                              | build error        |
| 660  | onboard/control/control_cache_manager_test                                             | build error        |
| 661  | onboard/control/control_monitoring_test                                                | build error        |
| 662  | onboard/control/control_validation_test                                                | build error        |
| 663  | onboard/control/steering_converter_test                                                | build error        |
| 664  | onboard/control/control_util_test                                                      | build error        |
| 665  | onboard/control/vehicle_state_interface_test                                           | build error        |
| 666  | onboard/control/longitudinal_postprocess/lon_postprocess_test                          | build error        |
| 667  | onboard/control/controllers/predict_vehicle_pose_test                                  | build error        |
| 668  | onboard/control/controllers/controller_common_test                                     | build error        |
| 669  | onboard/control/controllers/controller_util_test                                       | build error        |
| 670  | onboard/control/controllers/torque_controller_test                                     | build error        |
| 671  | onboard/control/controllers/steer_calibration_test                                     | build error        |
| 672  | onboard/control/controllers/pid_controller_test                                        | build error        |
| 673  | onboard/control/controllers/lat_mpc_controller_test                                    | build error        |
| 674  | onboard/control/controllers/model/state_space_test                                     | build error        |
| 675  | onboard/control/controllers/model/tob_tv_kinematic_model_test                          | build error        |
| 676  | onboard/control/controllers/model/mpc_cost_constraint_test                             | build error        |
| 677  | onboard/control/parameter_identification/parameter_identification_test                 | build error        |
| 678  | onboard/control/calibration/calibration_manager_test                                   | build error        |
| 679  | onboard/control/calibration/calibration_tools/calibration_tools_test                   | build error        |
| 680  | onboard/control/calibration/calibration_tools/calibration_utils_test                   | build error        |
| 681  | onboard/control/lateral_postprocess/mrac_control_test                                  | build error        |
| 682  | onboard/control/math/mpc_solver_test                                                   | build error        |
| 683  | onboard/control/math/coordinate_transform_test                                         | build error        |
| 684  | onboard/control/anti_windup_integrator/anti_windup_integrator_test                     | build error        |
| 685  | onboard/control/closed_loop_acc/speed_mode_manager_test                                | build error        |
| 686  | onboard/control/lka_control/path_to_trajectory_test                                    | build error        |
| 687  | onboard/control/lka_control/lka_control_test                                           | build error        |
| 688  | onboard/control/openloop_control/openloop_control_test                                 | build error        |
| 689  | onboard/control/control_check/lon_wire_control_check_test                              | build error        |
| 690  | onboard/control/control_check/lat_wire_control_check_test                              | build error        |
| 691  | onboard/camera/image_publisher_module_test                                             | build error        |
| 692  | onboard/camera/codec/gpu_image_codec_test                                              | build error        |
| 693  | onboard/camera/codec/cpu_image_codec_test                                              | build error        |
| 694  | onboard/camera/codec/h265_image_codec_test                                             | build error        |
| 695  | onboard/camera/codec/nvjpeg_image_codec_test                                           | build error        |
| 696  | onboard/camera/codec/opencv_image_codec_test                                           | build error        |
| 697  | onboard/camera/jetson_codec/h265_encoder_test                                          | build error        |
| 698  | onboard/camera/jetson_codec/jpeg_encoder_test                                          | build error        |
| 699  | onboard/camera/jetson_codec/jpeg_decoder_test                                          | build error        |
| 700  | /qcraft/onboard/camera/v3/image_forwarding_manager_test                                | build error        |
| 701  | /qcraft/onboard/camera/v3/v4l2/camera_device_v4l2_test                                 | build error        |
| 702  | /qcraft/onboard/camera/v3/trigger/hardware_trigger_test                                | build error        |
| 703  | onboard/camera/utils/image_util_test                                                   | build error        |
| 704  | onboard/camera/utils/camera_params_test                                                | build error        |
| 705  | onboard/camera/image_process_utils/image_process_util_test                             | build error        |
| 706  | onboard/utils/elements_history_test                                                    | build error        |
| 707  | onboard/utils/file_util_test                                                           | build error        |
| 708  | onboard/utils/file_util_mmap_test                                                      | build error        |
| 709  | onboard/utils/release_util_test                                                        | build error        |
| 710  | onboard/utils/time_util_test                                                           | build error        |
| 711  | onboard/utils/objects_view_test                                                        | build error        |
| 712  | onboard/utils/lite_msg_stats_test                                                      | build error        |
| 713  | onboard/utils/history_buffer_test                                                      | build error        |
| 714  | onboard/utils/progress_bar_test                                                        | build error        |
| 715  | onboard/utils/status_macros_test                                                       | build error        |
| 716  | onboard/utils/sys_util_test                                                            | build error        |
| 717  | onboard/utils/id_generator_test                                                        | build error        |
| 718  | onboard/utils/archive_util_test                                                        | build error        |
| 719  | onboard/utils/source_location_test                                                     | build error        |
| 720  | onboard/utils/map_util_test                                                            | build error        |
| 721  | onboard/utils/string_util_test                                                         | build error        |
| 722  | onboard/utils/simple_socket_server_test                                                | build error        |
| 723  | onboard/utils/enum_util_test                                                           | build error        |
| 724  | onboard/utils/lfs_access/lfs_access_test                                               | build error        |
| 725  | onboard/hmi/v2x/v2x_filter_test                                                        | build error        |
| 726  | onboard/hmi/audio/audio_record_test                                                    | build error        |
| 727  | onboard/hmi/audio/audio_playback_test                                                  | build error        |
| 728  | onboard/hmi/audio/audio_device_test                                                    | build error        |
| 729  | onboard/hmi/audio/audio_util_test                                                      | build error        |
| 730  | onboard/hmi/audio/audio_manager_test                                                   | build error        |
| 731  | onboard/hmi/helper/translate_to_chinese_test                                           | build error        |
| 732  | onboard/hmi/states/run_event_states_test                                               | build error        |
| 733  | onboard/hmi/states/run_event_states_util_test                                          | build error        |
| 734  | onboard/hmi/scenes/scenes_manager_test                                                 | build error        |
| 735  | onboard/hmi/events/chassis_event_test                                                  | build error        |
| 736  | onboard/hmi/events/run_event_test                                                      | build error        |
| 737  | onboard/mcu/forwarding/mcu_transfer_test                                               | build error        |
| 738  | onboard/calibration/utils/lane_fitting_utils_test                                      | build error        |
| 739  | /qcraft/onboard/lite/transport_test                                                    | build error        |
| 740  | /qcraft/onboard/lite/lite_timer_test                                                   | build error        |
| 741  | onboard/lite/module_config_test                                                        | build error        |
| 742  | onboard/lite/qissue_trans_test                                                         | build error        |
| 743  | onboard/lite/portal/server/run_event_process_test                                      | build error        |
| 744  | onboard/lite/memory_pool/gpu_memory_pool_test                                          | build error        |
| 745  | /qcraft/onboard/lite/launch_plan/launch_plan_helper_test                               | build error        |
| 746  | /qcraft/onboard/lite/launch_plan/launch_plan_verify_test                               | build error        |
| 747  | onboard/lite/data_manager/circular_buffer_test                                         | build error        |
| 748  | onboard/lite/data_manager/data_manager_test                                            | build error        |
| 749  | onboard/lite/transport/shm/shm_manager_test                                            | build error        |
| 750  | onboard/lite/transport/shm/lite_shm_header_test                                        | build error        |
| 751  | /qcraft/onboard/lite/transport/shm/condition_notifier_test                             | build error        |
| 752  | onboard/lite/transport/shm/shm_debug_util_test                                         | build error        |
| 753  | onboard/lite/transport/receiver/receiver_test                                          | build error        |
| 754  | onboard/lite/transport/receiver/grpc_receiver_test                                     | build error        |
| 755  | onboard/lite/transport/receiver/grpc_stream_receiver_test                              | build error        |
| 756  | onboard/lite/transport/transport_factory_test                                          | build error        |
| 757  | onboard/lite/transport/shared_memory/lite_shm_shared_memory_manager_test               | build error        |
| 758  | onboard/lite/transport/shared_memory/lite_shared_memory_manager_factory_test           | build error        |
| 759  | onboard/lite/transport/shared_memory/lite_shared_memory_block_test                     | build error        |
| 760  | onboard/lite/transport/shared_memory/lite_inner_process_shared_memory_manager_test     | build error        |
| 761  | onboard/lite/transport/transmitter/transmitter_test                                    | build error        |
| 762  | onboard/lite/transport/transmitter/grpc_stream_transmitter_test                        | build error        |
| 763  | onboard/lite/transport/transmitter/grpc_transmitter_test                               | build error        |
| 764  | onboard/base/flags_test                                                                | build error        |
| 765  | onboard/base/environment_test                                                          | build error        |
| 766  | onboard/base/type_traits_test                                                          | build error        |
| 767  | onboard/tugboat/tugboat_service_client_test                                            | build error        |
| 768  | onboard/math/filters/digital_filter_test                                               | build error        |
| 769  | onboard/math/filters/mean_filter_test                                                  | build error        |
| 770  | onboard/math/filters/digital_filter_coefficients_test                                  | build error        |
| 771  | onboard/math/vec_test                                                                  | build error        |
| 772  | /qcraft/onboard/math/util_test                                                         | build error        |
| 773  | onboard/math/polynomial_fitter_test                                                    | build error        |
| 774  | onboard/math/qp/osqp_solver_test                                                       | build error        |
| 775  | onboard/math/geometry/affine_transformation_test                                       | build error        |
| 776  | onboard/math/geometry/triangle_mesh_test                                               | build error        |
| 777  | onboard/math/geometry/kdtree_test                                                      | build error        |
| 778  | onboard/math/geometry/segment2d_test                                                   | build error        |
| 779  | onboard/math/geometry/arc2d_test                                                       | build error        |
| 780  | onboard/math/geometry/piecewise_const_curvature_curve_test                             | build error        |
| 781  | onboard/math/geometry/aabox2d_test                                                     | build error        |
| 782  | onboard/math/geometry/box2d_test                                                       | build error        |
| 783  | onboard/math/geometry/box2d_util_test                                                  | build error        |
| 784  | onboard/math/geometry/polygon2d_test                                                   | build error        |
| 785  | onboard/math/geometry/pose_interpolation_test                                          | build error        |
| 786  | onboard/math/geometry/intersection_util_test                                           | build error        |
| 787  | onboard/math/geometry/aabox_kdtree2d_test                                              | build error        |
| 788  | onboard/math/geometry/halfplane_test                                                   | build error        |
| 789  | onboard/math/geometry/circle2d_test                                                    | build error        |
| 790  | onboard/math/geometry/bezier_curve_test                                                | build error        |
| 791  | /qcraft/onboard/math/geometry/util_test                                                | build error        |
| 792  | onboard/math/geometry/polygon2d_util_test                                              | build error        |
| 793  | onboard/math/geometry/grid_frame_util_test                                             | build error        |
| 794  | onboard/math/geometry/ramer_douglas_peucker_test                                       | build error        |
| 795  | onboard/math/geometry/geo_fence_test                                                   | build error        |
| 796  | onboard/math/geometry/spline_curve_test                                                | build error        |
| 797  | onboard/math/segment_matcher/segment_matcher_test                                      | build error        |
| 798  | onboard/qlfs/tests/client/filter_impl_test                                             | build error        |
| 799  | onboard/qlfs/tests/common/utils_test                                                   | build error        |
| 800  | onboard/qlfs/tests/library/from_cache_test                                             | build error        |
| 801  | /qcraft/onboard/qlfs/tests/tools/fast_deploy/common_test                               | build error        |
| 802  | onboard/qlfs/tests/filesystem/filesystem_interface_test                                | build error        |
| 803  | onboard/qlfs/tests/cache_server/cache_server_test                                      | build error        |
| 804  | onboard/crypto/base64_test                                                             | build error        |
| 805  | onboard/crypto/sha256_test                                                             | build error        |
| 806  | onboard/eval/qevent_test                                                               | build error        |
| 807  | onboard/eval/collectors/oss_collector_test                                             | build error        |
| 808  | onboard/radar/radar_stf_parser_test                                                    | build error        |
| 809  | onboard/radar/radar_obj_track_test                                                     | build error        |
| 810  | onboard/radar/radar_util_test                                                          | build error        |
| 811  | onboard/radar/radar_source_param_test                                                  | build error        |
| 812  | onboard/machine_learning/statistical_estimator_test                                    | build error        |
| 813  | onboard/global/registry_test                                                           | build error        |
| 814  | onboard/global/logging_test                                                            | build error        |
| 815  | /qcraft/onboard/global/timer_test                                                      | build error        |
| 816  | onboard/global/clock_test                                                              | build error        |
| 817  | onboard/global/counter_test                                                            | build error        |
| 818  | onboard/global/ftrace_test                                                             | build error        |
| 819  | onboard/global/run_context_test                                                        | build error        |
| 820  | onboard/global/system_info_test                                                        | build error        |
| 821  | onboard/global/system_status_test                                                      | build error        |
| 822  | onboard/global/context_switch_test                                                     | build error        |
| 823  | onboard/global/process_threads_number_test                                             | build error        |
| 824  | onboard/global/protobuf_arena/protobuf_arena_manager_test                              | build error        |
| 825  | onboard/remote_assist/common/bridge_buffer_test                                        | build error        |
| 826  | onboard/can/peak_socket_can/socket_can_client_test                                     | build error        |
| 827  | onboard/can/apollo_can/common/byte_test                                                | build error        |
| 828  | /qcraft/onboard/can/apollo_can/common/factory_test                                     | build error        |
| 829  | onboard/can/apollo_can/vehicle/parking_brake_reason_test                               | build error        |
| 830  | onboard/can/apollo_can/vehicle/lincoln/protocol/accel_6b_test                          | build error        |
| 831  | onboard/can/apollo_can/vehicle/lincoln/protocol/brake_60_test                          | build error        |
| 832  | onboard/can/apollo_can/vehicle/lincoln/protocol/brake_61_test                          | build error        |
| 833  | onboard/can/apollo_can/vehicle/lincoln/protocol/brakeinfo_74_test                      | build error        |
| 834  | onboard/can/apollo_can/vehicle/lincoln/protocol/fuellevel_72_test                      | build error        |
| 835  | onboard/can/apollo_can/vehicle/lincoln/protocol/gear_66_test                           | build error        |
| 836  | onboard/can/apollo_can/vehicle/lincoln/protocol/gear_67_test                           | build error        |
| 837  | onboard/can/apollo_can/vehicle/lincoln/protocol/gps_6d_test                            | build error        |
| 838  | onboard/can/apollo_can/vehicle/lincoln/protocol/gps_6e_test                            | build error        |
| 839  | onboard/can/apollo_can/vehicle/lincoln/protocol/gps_6f_test                            | build error        |
| 840  | onboard/can/apollo_can/vehicle/lincoln/protocol/gyro_6c_test                           | build error        |
| 841  | onboard/can/apollo_can/vehicle/lincoln/protocol/misc_69_test                           | build error        |
| 842  | onboard/can/apollo_can/vehicle/lincoln/protocol/steering_64_test                       | build error        |
| 843  | onboard/can/apollo_can/vehicle/lincoln/protocol/steering_65_test                       | build error        |
| 844  | onboard/can/apollo_can/vehicle/lincoln/protocol/throttle_62_test                       | build error        |
| 845  | onboard/can/apollo_can/vehicle/lincoln/protocol/throttle_63_test                       | build error        |
| 846  | onboard/can/apollo_can/vehicle/lincoln/protocol/throttleinfo_75_test                   | build error        |
| 847  | onboard/can/apollo_can/vehicle/lincoln/protocol/tirepressure_71_test                   | build error        |
| 848  | onboard/can/apollo_can/vehicle/lincoln/protocol/turnsignal_68_test                     | build error        |
| 849  | onboard/can/apollo_can/vehicle/lincoln/protocol/version_7f_test                        | build error        |
| 850  | onboard/can/apollo_can/vehicle/lincoln/protocol/wheelspeed_6a_test                     | build error        |
| 851  | onboard/can/apollo_can/vehicle/lincoln/protocol/surround_73_test                       | build error        |
| 852  | onboard/can/apollo_can/can_comm/message_manager_test                                   | build error        |
| 853  | llvm-x-toolchain/tests/examples/base/sha256_test                                       | build error        |
| 854  | llvm-x-toolchain/tests/examples/omp_test/omp_test                                      | build error        |
| 855  | offboard/planner/snapshot/planner_input_generator_test                                 | build error        |
| 856  | offboard/planner/snapshot/planner_runner_test                                          | build error        |
| 857  | offboard/planner/snapshot/planner_deterministic_test                                   | build error        |
| 858  | offboard/planner/ml/params_tuning/dopt_auto_tuning/auto_tuning_test                    | build error        |
| 859  | offboard/planner/ml/datasets/utils/split_train_val_test                                | build error        |
| 860  | offboard/prediction/dataset/data_generator_test                                        | build error        |
| 861  | offboard/prediction/dataset/data_converter_test                                        | build error        |
| 862  | offboard/prediction/qscenes/vehiclenet/utils/vc_prophnet_test                          | build error        |
| 863  | offboard/prediction/qscenes/ActNet/utils/actnet_test                                   | build error        |
| 864  | offboard/prediction/qscenes/models/vectornet_test                                      | build error        |
| 865  | /qcraft/offboard/prediction/qscenes/models/prophnet_test                               | build error        |
| 866  | offboard/logging/stf_picker_test                                                       | build error        |
| 867  | offboard/sim_pipe/sim_test                                                             | build error        |
| 868  | offboard/sim_pipe/sim_test_main_test                                                   | build error        |
| 869  | offboard/sim_pipe/sim_pipe_step_test                                                   | build error        |
| 870  | offboard/sim_pipe/services/adapters/workflow_adapter_test                              | build error        |
| 871  | offboard/sim_pipe/services/adapters/cluster_adapter_test                               | build error        |
| 872  | offboard/sim_pipe/argo/argo_launcher_test                                              | build error        |
| 873  | offboard/sim_pipe/util/argo_template_util_test                                         | build error        |
| 874  | offboard/prometheus/prometheus_client_test                                             | build error        |
| 875  | /qcraft/offboard/qdata/dao/cloud/cloud_test                                            | build error        |
| 876  | offboard/qdata/service/submit/submit_test                                              | build error        |
| 877  | offboard/qdata/service/task_manager/task_manager_test                                  | build error        |
| 878  | offboard/qdata/service/filter/filter_test                                              | build error        |
| 879  | offboard/playback/lite_playback_test                                                   | build error        |
| 880  | offboard/qbot/api/v1/api_test                                                          | build error        |
| 881  | offboard/qbot/services/services_test                                                   | build error        |
| 882  | offboard/qbot/webhook/webhook_test                                                     | build error        |
| 883  | offboard/common/storage/s3/s3_object_client_test                                       | build error        |
| 884  | offboard/db/cassandra/cass_table_store_test                                            | build error        |
| 885  | offboard/db/proto_store_test                                                           | build error        |
| 886  | offboard/db/elastic_search/es_util_test                                                | build error        |
| 887  | offboard/db/mongodb/proto_generator_test                                               | build error        |
| 888  | offboard/db/mongodb/presto_schema_test                                                 | build error        |
| 889  | offboard/db/clickhouse/clickhouse_store_test                                           | build error        |
| 890  | offboard/db/clickhouse/clickhouse_test                                                 | build error        |
| 891  | offboard/vis/vantage/vantage_server/vantage_canvas_client_test                         | build error        |
| 892  | offboard/vis/vantage/action_builder_test                                               | build error        |
| 893  | offboard/vis/vantage/world_renderer_util_test                                          | build error        |
| 894  | offboard/vis/vantage/charts/chart_util_test                                            | build error        |
| 895  | offboard/vis/vantage/canvas/canvas_buffer_panel_model_test                             | build error        |
| 896  | offboard/vfs/vfs_test                                                                  | build error        |
| 897  | offboard/mapping/converter/utm_converter_test                                          | build error        |
| 898  | offboard/mapping/converter/apollo/cyber/common/environment_test                        | build error        |
| 899  | offboard/mapping/converter/apollo/modules/common/status/status_test                    | build error        |
| 900  | /qcraft/offboard/mapping/converter/apollo/modules/common/util/util_test                | build error        |
| 901  | offboard/mapping/converter/apollo/modules/common/util/string_util_test                 | build error        |
| 902  | /qcraft/offboard/mapping/converter/apollo/modules/common/util/factory_test             | build error        |
| 903  | offboard/mapping/converter/apollo/modules/common/util/points_downsampler_test          | build error        |
| 904  | offboard/mapping/converter/apollo/modules/common/util/json_util_test                   | build error        |
| 905  | offboard/mapping/converter/apollo/modules/common/math/matrix_operations_test           | build error        |
| 906  | offboard/mapping/converter/apollo/modules/common/math/angle_test                       | build error        |
| 907  | offboard/mapping/converter/apollo/modules/common/math/mpc_osqp_test                    | build error        |
| 908  | offboard/mapping/converter/apollo/modules/common/math/math_utils_test                  | build error        |
| 909  | offboard/mapping/converter/apollo/modules/common/math/linear_interpolation_test        | build error        |
| 910  | offboard/mapping/converter/apollo/modules/common/math/search_test                      | build error        |
| 911  | offboard/mapping/converter/apollo/modules/common/math/integral_test                    | build error        |
| 912  | offboard/mapping/converter/apollo/modules/common/math/vec2d_test                       | build error        |
| 913  | offboard/mapping/converter/apollo/modules/common/math/quaternion_test                  | build error        |
| 914  | offboard/mapping/converter/apollo/modules/common/math/euler_angles_zxy_test            | build error        |
| 915  | offboard/mapping/converter/apollo/modules/common/math/aabox2d_test                     | build error        |
| 916  | offboard/mapping/converter/apollo/modules/common/math/aaboxkdtree2d_test               | build error        |
| 917  | offboard/mapping/converter/apollo/modules/common/math/box2d_test                       | build error        |
| 918  | offboard/mapping/converter/apollo/modules/common/math/polygon2d_test                   | build error        |
| 919  | offboard/mapping/converter/apollo/modules/common/math/line_segment2d_test              | build error        |
| 920  | offboard/mapping/converter/apollo/modules/common/math/kalman_filter_test               | build error        |
| 921  | offboard/mapping/converter/apollo/modules/common/math/cartesian_frenet_conversion_test | build error        |
| 922  | offboard/mapping/post_processing/post_processing_test                                  | build error        |
| 923  | offboard/mapping/post_processing/imagery_post_processing_util_test                     | build error        |
| 924  | offboard/mapping/vector_mapping/line_fitting/spline_curve_fitting_test                 | build error        |
| 925  | offboard/mapping/mapping_core/frame_test                                               | build error        |
| 926  | offboard/mapping/mapping_core/coarse_optimization_test                                 | build error        |
| 927  | offboard/mapping/mapping_core/data_collector_test                                      | build error        |
| 928  | offboard/mapping/mapping_core/constraint_builder_test                                  | build error        |
| 929  | offboard/mapping/mapping_core/checker_test                                             | build error        |
| 930  | offboard/mapping/mapping_core/util/run_reader_test                                     | build error        |
| 931  | offboard/mapping/mapping_core/util/point_cloud_util_test                               | build error        |
| 932  | offboard/mapping/mapping_core/util/file_io_test                                        | build error        |
| 933  | offboard/mapping/mapping_core/util/voxel_filter_indices_test                           | build error        |
| 934  | offboard/mapping/mapping_core/util/voxel_filter_test                                   | build error        |
| 935  | offboard/mapping/mapping_core/util/cuda/voxel_map_test                                 | build error        |
| 936  | offboard/mapping/mapping_core/util/cuda/correspondence_estimation_test                 | build error        |
| 937  | offboard/utils/json_util_test                                                          | build error        |
| 938  | offboard/utils/screen_util_test                                                        | build error        |
| 939  | offboard/utils/zlib_util_test                                                          | build error        |
| 940  | offboard/utils/gjson_util_test                                                         | build error        |
| 941  | offboard/virtual_world/vehicle_kinematics_test                                         | build error        |
| 942  | offboard/virtual_world/steering_deadzone_test                                          | build error        |
| 943  | offboard/virtual_world/acceleration_response_test                                      | build error        |
| 944  | offboard/calibration/camera_calibration_board/data_types_test                          | build error        |
| 945  | offboard/calibration/camera_calibration_board/aruco_func_test                          | build error        |
| 946  | offboard/calibration/camera_extrinsic/point_cloud_board_detector_test                  | build error        |
| 947  | offboard/calibration/camera_extrinsic/image_extrinsic_board_detector_test              | build error        |
| 948  | offboard/opentracing/tracing_test                                                      | build error        |
| 949  | offboard/dashboard/insight_tool_server/insight_tool_util_test                          | build error        |
| 950  | offboard/dashboard/insight_tool_server/posrt_tool_util_test                            | build error        |
| 951  | offboard/dashboard/services/qsim/regression_utils_test                                 | build error        |
| 952  | offboard/dashboard/services/qsim/result_server_utils_test                              | build error        |
| 953  | offboard/dashboard/services/analysis/run_analysis_kafka_client_test                    | build error        |
| 954  | offboard/dashboard/services/analysis/argo/argo_dao_test                                | build error        |
| 955  | offboard/dashboard/services/utils/filter_test                                          | build error        |
| 956  | offboard/dashboard/services/scenarios/scenarios_test                                   | build error        |
| 957  | offboard/dashboard/services/runs/runs_test                                             | build error        |
| 958  | offboard/dashboard/qtriage/hook/hook_test                                              | build error        |
| 959  | offboard/dashboard/web_vantage_server/web_vantage_window_test                          | build error        |
| 960  | offboard/dashboard/web_vantage_server/web_vantage_util_test                            | build error        |
| 961  | offboard/dashboard/web_vantage_server/render_util_test                                 | build error        |
| 962  | offboard/dashboard/web_vantage_server/render_perception_test                           | build error        |
| 963  | offboard/dashboard/web_vantage_server/render_positioning_test                          | build error        |
| 964  | offboard/tools/elk/elk_util_test                                                       | build error        |
| 965  | offboard/tools/parquet/proto_to_arrow_schema_test                                      | build error        |
| 966  | offboard/tools/run_processor/run_util_test                                             | build error        |
| 967  | offboard/tools/run_processor/run_snippets_test                                         | build error        |
| 968  | offboard/tools/run_processor/run_processor_test                                        | build error        |
| 969  | offboard/tools/run_plugins/priority_queue_test                                         | build error        |
| 970  | offboard/tools/snapshot/snapshot_util_test                                             | build error        |
| 971  | offboard/tools/snapshot/state_stf_util_test                                            | build error        |
| 972  | offboard/tools/snapshot/find_lite_msg_test                                             | build error        |
| 973  | offboard/tools/event_util_test                                                         | build error        |
| 974  | offboard/tools/run_syncer/file_util_test                                               | build error        |
| 975  | offboard/tools/table/qtable_builder_test                                               | build error        |
| 976  | offboard/tools/control/control_analyzer_test                                           | build error        |
| 977  | offboard/tools/bbox_on_images/box3d_util_test                                          | build error        |
| 978  | offboard/tools/run_process/run_process_server_test                                     | build error        |
| 979  | offboard/tools/router/checker/quick_check_connectivity_test                            | build error        |
| 980  | offboard/third_proto/xiaomi/ados/common/status_test                                    | build error        |
| 981  | offboard/third_proto/xiaomi/adsys/converters/adc_trajectory_converter_test             | build error        |
| 982  | offboard/third_proto/xiaomi/adsys/converters/control_cmd_converter_test                | build error        |
| 983  | offboard/third_proto/xiaomi/adsys/converters/driver_action_converter_test              | build error        |
| 984  | offboard/third_proto/xiaomi/adsys/converters/image_converter_test                      | build error        |
| 985  | offboard/third_proto/xiaomi/adsys/converters/lidar_converter_test                      | build error        |
| 986  | offboard/third_proto/xiaomi/adsys/converters/perception_and_prediction_converter_test  | build error        |
| 987  | offboard/third_proto/xiaomi/adsys/converters/chassis_converter_test                    | build error        |
| 988  | offboard/third_proto/xiaomi/adsys/converters/routing_request_converter_test            | build error        |
| 989  | offboard/hive/qhive_test                                                               | build error        |
| 990  | offboard/onb_sim/sensor_data_sim/test/parser_test                                      | build error        |
| 991  | offboard/onb_sim/sensor_data_sim/test/sender_test                                      | build error        |
| 992  | offboard/eval/services/qevents/grouper/qevents_grouper_test                            | build error        |
| 993  | offboard/eval/services/qevents/grouper/timestamp_grouper_test                          | build error        |
| 994  | offboard/eval/tools/sample_snapshots_from_segment_test                                 | build error        |
| 995  | offboard/eval/dumper/qevent_dumper_test                                                | build error        |
| 996  | offboard/ml/auto_labeling/depth_autolabel_api_test                                     | build error        |
| 997  | offboard/ml/auto_labeling/road_geometry/road_geometry_bev_test                         | build error        |
| 998  | offboard/ml/python/oriented_box_nms_test                                               | build error        |
| 999  | offboard/ml/pytorch/projects/Det3D/ops/misc/src/misc_test                              | build error        |
| 1000 | offboard/ml/pytorch/model_factory_v2/bazel_examples/pytorch_extension/cpu/op_cpu_test  | build error        |
| 1001 | offboard/ml/pytorch/model_factory_v2/bazel_examples/pytorch_extension/cuda/op_cuda_test | build error        |
| 1002 | offboard/ml/pytorch/model_factory_v2/bazel_examples/python/two_sum_test                | build error        |
| 1003 | offboard/ml/pytorch/model_factory_v2/bazel_examples/cpp/two_sum_test                   | build error        |
| 1004 | /qcraft/offboard/ml/pytorch/horizon_ai_toolchain/qcraft/ops/misc/misc/misc_test        | build error        |
| 1005 | offboard/ml/tensorflow/custom_ops/oriented_box_nms_op_test                             | build error        |
| 1006 | offboard/ml/tensorflow/custom_ops/match_boxes_op_test                                  | build error        |
| 1007 | offboard/ml/tensorflow/custom_ops/inside_boxes_op_test                                 | build error        |
| 1008 | offboard/ml/tensorflow/custom_ops/inside_polygons_op_test                              | build error        |
| 1009 | offboard/ml/tensorflow/custom_ops/build_center_target_op_test                          | build error        |
| 1010 | offboard/ml/tensorflow/custom_ops/per_seg_target_op_test                               | build error        |
| 1011 | offboard/ml/tensorflow/models/k_net/inference_test                                     | build error        |
| 1012 | offboard/ml/tensorflow/models/fiery_eye/inference_test                                 | build error        |
| 1013 | offboard/ml/tensorflow/models/patch_classifier/inference_test                          | build error        |
| 1014 | offboard/ml/tensorflow/utils/voxelization_utils_test                                   | build error        |
| 1015 | offboard/ml/tensorflow/utils/tensor_utils_test                                         | build error        |
| 1016 | offboard/ml/tensorflow/utils/box_utils_test                                            | build error        |
| 1017 | offboard/ml/labeled_data_management/scenario_logset_manager_test                       | build error        |
| 1018 | offboard/agents/smooth_lane_test                                                       | build error        |
| 1019 | offboard/agents/open_agent/conditions/start_offset_condition_test                      | build error        |
| 1020 | offboard/agents/open_agent/conditions/absolute_position_condition_test                 | build error        |
| 1021 | offboard/agents/open_agent/conditions/traffic_light_condition_test                     | build error        |
| 1022 | offboard/agents/open_agent/conditions/relative_position_condition_test                 | build error        |
| 1023 | offboard/agents/open_agent/conditions/time_to_collision_still_test                     | build error        |
| 1024 | offboard/agents/open_agent/conditions/traveled_distance_condition_test                 | build error        |
| 1025 | offboard/agents/open_agent/controllers/fixed_waypoints_controller_test                 | build error        |
| 1026 | offboard/agents/open_agent/controllers/follow_waypoints_controller_test                | build error        |
| 1027 | offboard/simulation/scenario_mutator/scenario_mutator_test                             | build error        |
| 1028 | offboard/simulation/scenario_mutator/merge_mutator_test                                | build error        |
| 1029 | offboard/simulation/scenario_mutator/test_set_mutator_test                             | build error        |
| 1030 | offboard/simulation/scenario_mutator/label_mutator_test                                | build error        |
| 1031 | offboard/simulation/scenario_mutator/assignee_mutator_test                             | build error        |
| 1032 | offboard/simulation/scenario_mutator/cmd_flags_mutator_test                            | build error        |
| 1033 | offboard/simulation/run_selector/field_match_selector_test                             | build error        |
| 1034 | offboard/simulation/run_selector/time_frame_selector_test                              | build error        |
| 1035 | offboard/simulation/run_selector/run_selector_test                                     | build error        |
| 1036 | offboard/simulation/cyber/cyber_forwarding_module_test                                 | build error        |
| 1037 | offboard/simulation/modules/playback/deterministic_playback_module_test                | build error        |
| 1038 | offboard/simulation/modules/sim_events/conditions/collision_condition_test             | build error        |
| 1039 | offboard/simulation/modules/sim_events/conditions/start_offset_condition_test          | build error        |
| 1040 | offboard/simulation/modules/sim_events/conditions/speed_condition_test                 | build error        |
| 1041 | offboard/simulation/modules/sim_events/conditions/position_condition_test              | build error        |
| 1042 | offboard/simulation/modules/sim_events/conditions/accel_condition_test                 | build error        |
| 1043 | offboard/simulation/modules/sim_events/conditions/autonomy_state_condition_test        | build error        |
| 1044 | offboard/simulation/predrt/metrics/prediction_cut_in_metric_test                       | build error        |
| 1045 | offboard/simulation/predrt/metrics/prediction_intersection_metric_test                 | build error        |
| 1046 | offboard/simulation/predrt/metrics/prediction_cross_curb_metric_test                   | build error        |
| 1047 | offboard/simulation/predrt/trajectory_metric_utils_test                                | build error        |
| 1048 | offboard/simulation/predrt/prediction_trajectory_evaluator_test                        | build error        |
| 1049 | /qcraft/offboard/simulation/segment_test                                               | build error        |
| 1050 | offboard/simulation/module_state_test                                                  | build error        |
| 1051 | offboard/simulation/git_util_test                                                      | build error        |
| 1052 | offboard/simulation/posrt/test_data/posrt_test                                         | build error        |
| 1053 | offboard/simulation/metric_evaluator/metric_evaluator_test                             | build error        |
| 1054 | offboard/simulation/metric_evaluator/comfort_metric_evaluator_test                     | build error        |
| 1055 | offboard/simulation/metric_evaluator/lane_center_deviation_evaluator_test              | build error        |
| 1056 | offboard/simulation/metric_evaluator/run_red_light_evaluator_test                      | build error        |
| 1057 | offboard/simulation/metric_evaluator/stats_evaluator_test                              | build error        |
| 1058 | offboard/simulation/metric_evaluator/posrt_metric_evaluator_test                       | build error        |
| 1059 | offboard/simulation/metric_evaluator/localization_stability_evaluator_test             | build error        |
| 1060 | offboard/simulation/metric_evaluator/speed_range_evaluator_test                        | build error        |
| 1061 | offboard/simulation/metric_evaluator/collision_evaluator_test                          | build error        |
| 1062 | offboard/simulation/metric_evaluator/lane_speed_limit_evaluator_test                   | build error        |
| 1063 | offboard/simulation/metric_evaluator/metric_evaluator_util_test                        | build error        |
| 1064 | offboard/simulation/metric_evaluator/steering_speed_evaluator_test                     | build error        |
| 1065 | offboard/simulation/metric_evaluator/l2_pp_metric/qalc_state_evaluator_test            | build error        |
| 1066 | offboard/simulation/metric_evaluator/l2_pp_metric/qlcc_state_evaluator_test            | build error        |
| 1067 | offboard/simulation/metric_evaluator/l2_pp_metric/follow_car_distance_evaluator_test   | build error        |
| 1068 | offboard/simulation/metric_evaluator/l2_pp_metric/vel_impact_evaluator_test            | build error        |
| 1069 | offboard/simulation/metric_evaluator/l2_pp_metric/vel_rel_impact_evaluator_test        | build error        |
| 1070 | offboard/simulation/metric_evaluator/l2_pp_metric/fcw_ttc_evaluator_test               | build error        |
| 1071 | offboard/simulation/metric_evaluator/l2_pp_metric/fcw_hmi_evaluator_test               | build error        |
| 1072 | offboard/simulation/metric_evaluator/l2_pp_metric/cpta_pass_evaluator_test             | build error        |
| 1073 | offboard/simulation/metric_evaluator/l2_pp_metric/cbta_cmftap_pass_evaluator_test      | build error        |
| 1074 | offboard/simulation/metric_evaluator/l2_pp_metric/lane_boundary_shake_detection_evaluator_test | build error        |
| 1075 | offboard/simulation/metric_evaluator/l2_pp_metric/lss_dtle_evaluator_test              | build error        |
| 1076 | offboard/simulation/metric_evaluator/l2_pp_metric/ldw_evaluator_test                   | build error        |
| 1077 | offboard/simulation/metric_evaluator/l2_pp_metric/autonomy_state_evaluator_test        | build error        |
| 1078 | offboard/simulation/metric_evaluator/l2_pp_metric/acc_comfort_brake_evaluator_test     | build error        |
| 1079 | offboard/simulation/metric_evaluator/l2_pp_metric/time_to_collision_evaluator_test     | build error        |
| 1080 | offboard/simulation/metric_evaluator/perception/perception_ground_truth_evaluator_test | build error        |
| 1081 | offboard/simulation/metric_evaluator/perception/perception_missing_evaluator_test      | build error        |
| 1082 | offboard/simulation/metric_evaluator/perception/perception_validation_evaluator_test   | build error        |
| 1083 | offboard/simulation/metric_evaluator/perception/perception_false_negative_evaluator_test | build error        |
| 1084 | offboard/simulation/metric_evaluator/perception/perception_over_segment_evaluator_test | build error        |
| 1085 | offboard/simulation/metric_evaluator/perception/perception_under_segment_evaluator_test | build error        |
| 1086 | offboard/simulation/metric_evaluator/perception/perception_redundant_evaluator_test    | build error        |
| 1087 | offboard/simulation/metric_evaluator/perception/perception_false_positive_evaluator_test | build error        |
| 1088 | offboard/simulation/metric_evaluator/perception/perception_classification_evaluator_test | build error        |
| 1089 | offboard/simulation/metric_evaluator/perception/perception_velocity_evaluator_test     | build error        |
| 1090 | offboard/simulation/metric_evaluator/perception/prt_metric_evaluator_test              | build error        |
| 1091 | offboard/simulation/metric_evaluator/perception/traffic_light_ground_truth_evaluator_test | build error        |
| 1092 | offboard/simulation/metric_evaluator/external_metric/external_perception_classification_evaluator_test | build error        |
| 1093 | offboard/simulation/metric_evaluator/external_metric/external_perception_missing_evaluator_test | build error        |
| 1094 | offboard/simulation/metric_evaluator/external_metric/external_perception_over_segment_evaluator_test | build error        |
| 1095 | offboard/simulation/metric_evaluator/external_metric/external_perception_redundant_evaluator_test | build error        |
| 1096 | offboard/simulation/metric_evaluator/external_metric/external_perception_under_segment_evaluator_test | build error        |
| 1097 | offboard/simulation/metric_evaluator/external_metric/external_lane_center_deviation_evaluator_test | build error        |
| 1098 | offboard/simulation/metric_evaluator/utils/time_window_util_test                       | build error        |
| 1099 | offboard/simulation/metric_evaluator/base/metric_eval_result_test                      | build error        |
| 1100 | offboard/simulation/metric_evaluator/pnc/cross_solid_lane_boundary_evaluator_test      | build error        |
| 1101 | offboard/simulation/metric_evaluator/qevent_evaluator/acceleration_divergence_evaluator_test | build error        |
| 1102 | offboard/simulation/metric_evaluator/qevent_evaluator/lateral_deviation_evaluator_test | build error        |
| 1103 | offboard/simulation/metric_evaluator/qevent_evaluator/nudge_distance_evaluator_test    | build error        |
| 1104 | offboard/simulation/metric_evaluator/qevent_evaluator/passing_object_evaluator_test    | build error        |
| 1105 | offboard/simulation/metric_evaluator/qevent_evaluator/pose_divergence_evaluator_test   | build error        |
| 1106 | offboard/simulation/metric_evaluator/qevent_evaluator/trajectory_evaluator_test        | build error        |
| 1107 | offboard/simulation/metric_evaluator/qevent_evaluator/trajectory_follow_gap_evaluator_test | build error        |
| 1108 | offboard/simulation/metric_evaluator/qevent_evaluator/trajectory_nudge_distance_evaluator_test | build error        |
| 1109 | offboard/simulation/metric_evaluator/qevent_evaluator/trajectory_obj_relation_evaluator_test | build error        |
| 1110 | offboard/simulation/metric_evaluator/qevent_evaluator/progress_divergence_evaluator_test | build error        |
| 1111 | offboard/simulation/metric_evaluator/odd/odd_test                                      | build error        |
| 1112 | offboard/simulation/metric_evaluator/determinism_metrics/pose_determinism_evaluator_test | build error        |
| 1113 | offboard/simulation/scenario_selector/scenario_selector_test                           | build error        |
| 1114 | offboard/simulation/scenario_selector/field_match_selector_test                        | build error        |
| 1115 | offboard/simulation/scenario_selector/label_selector_test                              | build error        |
| 1116 | offboard/simulation/scenario_selector/test_sets_selector_test                          | build error        |
| 1117 | offboard/simulation/scenario_selector/cmd_flags_selector_test                          | build error        |
| 1118 | /qcraft/offboard/simulation/scenario_test/scenario_test                                | build error        |
| 1119 | offboard/simulation/scenario_test/scenario_test_test                                   | build error        |
| 1120 | offboard/simulation/resources/collector_test                                           | build error        |
| 1121 | offboard/simulation/modifier/message_modifier_test                                     | build error        |
| 1122 | offboard/simulation/modifier/fov_modifier_test                                         | build error        |
| 1123 | offboard/simulation/utils/scenario_fuzzer_test                                         | build error        |
| 1124 | offboard/simulation/utils/scenario_util_test                                           | build error        |
| 1125 | offboard/simulation/utils/scenario_validator_test                                      | build error        |
| 1126 | offboard/simulation/utils/proto_util_test                                              | build error        |
| 1127 | offboard/simulation/prt/prt_fen_detection_utils_test                                   | build error        |
| 1128 | offboard/simulation/prt/prt_bev_detection_sub_metric_test                              | build error        |
| 1129 | offboard/simulation/prt/util/geometry_util_test                                        | build error        |
| 1130 | offboard/simulation/prt/util/concise_iou_matcher_test                                  | build error        |
| 1131 | offboard/simulation/lite/sim_message_queue_test                                        | build error        |
| 1132 | offboard/simulation/lite/sim_lite_client_test                                          | build error        |
| 1133 | offboard/simulation/lite/lite_trace_diff_test                                          | build error        |
| 1134 | offboard/simulation/lite/utils/module_delay_helper_test                                | build error        |
| 1135 | offboard/simulation/tools/batch_simulation_test                                        | build error        |
| 1136 | offboard/simulation/tools/regression/regression_helper_main_test                       | build error        |
| 1137 | offboard/simulation/simulation_test/scenarios_generators_test                          | build error        |
| 1138 | offboard/simulation/simulation_test/utils/form_util_test                               | build error        |
| 1139 | offboard/simulation/simulation_test/utils/sim_job_util_test                            | build error        |
| 1140 | offboard/simulation/simulator/determinism_test                                         | build error        |
| 1141 | offboard/simulation/simulator/simulator_utils_test                                     | build error        |
| 1142 | /qcraft/offboard/labeling/reader/utils_test                                            | build error        |
| 1143 | offboard/labeling/single_lidar_tracker_test                                            | build error        |
| 1144 | offboard/labeling/utils/least_square_method_test                                       | build error        |
| 1145 | offboard/labeling/joint_optimization/box_point_remover_test                            | build error        |
| 1146 | offboard/labeling/joint_optimization/pca_test                                          | build error        |
| 1147 | offboard/labeling/joint_optimization/downsampler_test                                  | build error        |
| 1148 | offboard/labeling/joint_optimization/ground_extractor_test                             | build error        |
| 1149 | offboard/labeling/joint_optimization/feature_extractor_test                            | build error        |
| 1150 | offboard/labeling/joint_optimization/feature_icp_test                                  | build error        |
| 1151 | offboard/labeling/joint_optimization/pose_graph_3d_type_test                           | build error        |
| 1152 | offboard/labeling/joint_optimization/pose_graph_3d_test                                | build error        |
| 1153 | offboard/labeling/joint_optimization/joint_optimizer_test                              | build error        |
| 1154 | /qcraft/scripts/run_scenario_test                                                      | build error        |
| 1155 | docker/tag_test                                                                        | build error        |
| 1156 | qbuild/deploy_file_test                                                                | build error        |
| 1157 | cyber_modules/converters/perception/converters_test                                    | build error        |
| 1158 | cyber_modules/converters/canbus/converters_test                                        | build error        |
| 1159 | cyber_modules/converters/localization/converters_test                                  | build error        |
| 1160 | cyber_modules/converters/control/converters_test                                       | build error        |
| 1161 | cyber_modules/converters/planning/converters_test                                      | build error        |
 ===.=====.=====.=====.=====.=====.=====.=====.=====.=====.=====.=====.=====.=====.=====.=====.=====.=====.=====.====


[34m[1mAll done![0m ‚ú® üç∞ ‚ú®
Sun Jan 15 11:26:43 CST 2023


       ‚úÖ The unit test pass rate is [0;34m[1m33.00%[0m under '/qcraft/onboard/lite/'. TOTAL_TESTS: [1m33[0m, PASSED_TESTS: [32m11[0m, FAILED_TEST_COUNT: [0;31m22[0m

  ======.=====.=====.=====.=====.=====  \033[32m\033[1m [QBuild] Failed Unit-test List for j5_2 \033[0m  ======.=====.=====.=====.=====.====== 
| [34m    [0m | [1mFailed Unit-test                                                                      [0m | [0;31mFailed Reason     [0m |
 -------------------------------------------------------------------------------------------------------------------- 
| 1    | onboard/lite/lite_timer_test                                                           | build error        |
| 2    | onboard/lite/module_config_test                                                        | build error        |
| 3    | onboard/lite/qissue_trans_test                                                         | build error        |
| 4    | onboard/lite/portal/server/run_event_process_test                                      | build error        |
| 5    | onboard/lite/memory_pool/gpu_memory_pool_test                                          | build error        |
| 6    | onboard/lite/data_manager/circular_buffer_test                                         | build error        |
| 7    | onboard/lite/data_manager/data_manager_test                                            | build error        |
| 8    | onboard/lite/transport/shm/shm_manager_test                                            | build error        |
| 9    | onboard/lite/transport/shm/lite_shm_header_test                                        | build error        |
| 10   | onboard/lite/transport/shm/condition_notifier_test                                     | build error        |
| 11   | onboard/lite/transport/shm/shm_debug_util_test                                         | build error        |
| 12   | onboard/lite/transport/receiver/receiver_test                                          | build error        |
| 13   | onboard/lite/transport/receiver/grpc_receiver_test                                     | build error        |
| 14   | onboard/lite/transport/receiver/grpc_stream_receiver_test                              | build error        |
| 15   | onboard/lite/transport/transport_factory_test                                          | build error        |
| 16   | onboard/lite/transport/shared_memory/lite_shm_shared_memory_manager_test               | build error        |
| 17   | onboard/lite/transport/shared_memory/lite_shared_memory_manager_factory_test           | build error        |
| 18   | onboard/lite/transport/shared_memory/lite_shared_memory_block_test                     | build error        |
| 19   | onboard/lite/transport/shared_memory/lite_inner_process_shared_memory_manager_test     | build error        |
| 20   | onboard/lite/transport/transmitter/transmitter_test                                    | build error        |
| 21   | onboard/lite/transport/transmitter/grpc_stream_transmitter_test                        | build error        |
| 22   | onboard/lite/transport/transmitter/grpc_transmitter_test                               | build error        |
  ===.=====.=====.=====.=====.=====.=====.=====.=====.=====.=====.=====.=====.=====.=====.=====.=====.=====.=====.==== 


[34m[1mAll done![0m ‚ú® üç∞ ‚ú®
Sun Jan 15 16:44:28 CST 2023
       ‚úÖ The unit test pass rate is [0;34m[1m85.00%[0m under 'onboard/logging/'. TOTAL_TESTS: [1m7[0m, PASSED_TESTS: [32m6[0m, FAILED_TEST_COUNT: [0;31m1[0m

 ======.=====.=====.=====.=====.=====  [32m[1m [QBuild] Failed Unit-test List for j5 [0m  ======.=====.=====.=====.=====.======
| [34m    [0m | [1mFailed Unit-test                                                                      [0m | [0;31mFailed Reason     [0m |
 -------------------------------------------------------------------------------------------------------------------- 
| 1    | onboard/logging/wal/wal_reader_writer_test                                             | build error        |
 ===.=====.=====.=====.=====.=====.=====.=====.=====.=====.=====.=====.=====.=====.=====.=====.=====.=====.=====.==== 


[34m[1mAll done![0m ‚ú® üç∞ ‚ú®
Wed Feb 1 12:04:22 CST 2023
